running egg_info
creating ../../build/random_obs_map/random_obs_map.egg-info
writing ../../build/random_obs_map/random_obs_map.egg-info/PKG-INFO
writing dependency_links to ../../build/random_obs_map/random_obs_map.egg-info/dependency_links.txt
writing entry points to ../../build/random_obs_map/random_obs_map.egg-info/entry_points.txt
writing requirements to ../../build/random_obs_map/random_obs_map.egg-info/requires.txt
writing top-level names to ../../build/random_obs_map/random_obs_map.egg-info/top_level.txt
writing manifest file '../../build/random_obs_map/random_obs_map.egg-info/SOURCES.txt'
reading manifest file '../../build/random_obs_map/random_obs_map.egg-info/SOURCES.txt'
writing manifest file '../../build/random_obs_map/random_obs_map.egg-info/SOURCES.txt'
running build
running build_py
creating /home/yunfeibi/Ros_projects/ros2-randomly-generate-obstacles/build/random_obs_map/build
creating /home/yunfeibi/Ros_projects/ros2-randomly-generate-obstacles/build/random_obs_map/build/lib
creating /home/yunfeibi/Ros_projects/ros2-randomly-generate-obstacles/build/random_obs_map/build/lib/random_obs_map
copying random_obs_map/__init__.py -> /home/yunfeibi/Ros_projects/ros2-randomly-generate-obstacles/build/random_obs_map/build/lib/random_obs_map
copying random_obs_map/generate.py -> /home/yunfeibi/Ros_projects/ros2-randomly-generate-obstacles/build/random_obs_map/build/lib/random_obs_map
running install
running install_lib
creating /home/yunfeibi/Ros_projects/ros2-randomly-generate-obstacles/install/random_obs_map/lib/python3.8/site-packages/random_obs_map
copying /home/yunfeibi/Ros_projects/ros2-randomly-generate-obstacles/build/random_obs_map/build/lib/random_obs_map/__init__.py -> /home/yunfeibi/Ros_projects/ros2-randomly-generate-obstacles/install/random_obs_map/lib/python3.8/site-packages/random_obs_map
copying /home/yunfeibi/Ros_projects/ros2-randomly-generate-obstacles/build/random_obs_map/build/lib/random_obs_map/generate.py -> /home/yunfeibi/Ros_projects/ros2-randomly-generate-obstacles/install/random_obs_map/lib/python3.8/site-packages/random_obs_map
byte-compiling /home/yunfeibi/Ros_projects/ros2-randomly-generate-obstacles/install/random_obs_map/lib/python3.8/site-packages/random_obs_map/__init__.py to __init__.cpython-38.pyc
byte-compiling /home/yunfeibi/Ros_projects/ros2-randomly-generate-obstacles/install/random_obs_map/lib/python3.8/site-packages/random_obs_map/generate.py to generate.cpython-38.pyc
running install_data
creating /home/yunfeibi/Ros_projects/ros2-randomly-generate-obstacles/install/random_obs_map/share/ament_index
creating /home/yunfeibi/Ros_projects/ros2-randomly-generate-obstacles/install/random_obs_map/share/ament_index/resource_index
creating /home/yunfeibi/Ros_projects/ros2-randomly-generate-obstacles/install/random_obs_map/share/ament_index/resource_index/packages
copying resource/random_obs_map -> /home/yunfeibi/Ros_projects/ros2-randomly-generate-obstacles/install/random_obs_map/share/ament_index/resource_index/packages
copying package.xml -> /home/yunfeibi/Ros_projects/ros2-randomly-generate-obstacles/install/random_obs_map/share/random_obs_map
creating /home/yunfeibi/Ros_projects/ros2-randomly-generate-obstacles/install/random_obs_map/share/random_obs_map/launch
copying launch/generate.launch.py -> /home/yunfeibi/Ros_projects/ros2-randomly-generate-obstacles/install/random_obs_map/share/random_obs_map/launch
running install_egg_info
Copying ../../build/random_obs_map/random_obs_map.egg-info to /home/yunfeibi/Ros_projects/ros2-randomly-generate-obstacles/install/random_obs_map/lib/python3.8/site-packages/random_obs_map-0.0.0-py3.8.egg-info
running install_scripts
Installing generate script to /home/yunfeibi/Ros_projects/ros2-randomly-generate-obstacles/install/random_obs_map/lib/random_obs_map
writing list of installed files to '/home/yunfeibi/Ros_projects/ros2-randomly-generate-obstacles/build/random_obs_map/install.log'
