[0.130s] DEBUG:colcon:Command line arguments: ['/usr/bin/colcon', 'build']
[0.130s] DEBUG:colcon:Parsed command line arguments: Namespace(allow_overriding=[], ament_cmake_args=None, base_paths=['.'], build_base='build', catkin_cmake_args=None, catkin_skip_building_tests=False, cmake_args=None, cmake_clean_cache=False, cmake_clean_first=False, cmake_force_configure=False, cmake_target=None, cmake_target_skip_unavailable=False, continue_on_error=False, event_handlers=None, executor='parallel', ignore_user_meta=False, install_base='install', log_base=None, log_level=None, main=<bound method BuildVerb.main of <colcon_core.verb.build.BuildVerb object at 0x7fe6497ffac0>>, merge_install=False, metas=['./colcon.meta'], packages_above=None, packages_above_and_dependencies=None, packages_above_depth=None, packages_end=None, packages_ignore=None, packages_ignore_regex=None, packages_select=None, packages_select_build_failed=False, packages_select_by_dep=None, packages_select_regex=None, packages_select_test_failures=False, packages_skip=None, packages_skip_build_finished=False, packages_skip_by_dep=None, packages_skip_regex=None, packages_skip_test_passed=False, packages_skip_up_to=None, packages_start=None, packages_up_to=None, packages_up_to_regex=None, parallel_workers=12, paths=None, symlink_install=False, test_result_base=None, verb_extension=<colcon_core.verb.build.BuildVerb object at 0x7fe6497ffac0>, verb_name='build', verb_parser=<colcon_defaults.argument_parser.defaults.DefaultArgumentsDecorator object at 0x7fe6496daf70>)
[0.242s] Level 1:colcon.colcon_core.package_discovery:discover_packages(colcon_meta) check parameters
[0.242s] Level 1:colcon.colcon_core.package_discovery:discover_packages(recursive) check parameters
[0.242s] Level 1:colcon.colcon_core.package_discovery:discover_packages(ignore) check parameters
[0.242s] Level 1:colcon.colcon_core.package_discovery:discover_packages(path) check parameters
[0.242s] Level 1:colcon.colcon_core.package_discovery:discover_packages(colcon_meta) discover
[0.242s] Level 1:colcon.colcon_core.package_discovery:discover_packages(recursive) discover
[0.242s] INFO:colcon.colcon_core.package_discovery:Crawling recursively for packages in '/home/yunfeibi/Ros_projects/ros2-randomly-generate-obstacles'
[0.242s] Level 1:colcon.colcon_core.package_identification:_identify(.) by extensions ['ignore', 'ignore_ament_install']
[0.242s] Level 1:colcon.colcon_core.package_identification:_identify(.) by extension 'ignore'
[0.242s] Level 1:colcon.colcon_core.package_identification:_identify(.) by extension 'ignore_ament_install'
[0.242s] Level 1:colcon.colcon_core.package_identification:_identify(.) by extensions ['colcon_pkg']
[0.242s] Level 1:colcon.colcon_core.package_identification:_identify(.) by extension 'colcon_pkg'
[0.242s] Level 1:colcon.colcon_core.package_identification:_identify(.) by extensions ['colcon_meta']
[0.242s] Level 1:colcon.colcon_core.package_identification:_identify(.) by extension 'colcon_meta'
[0.242s] Level 1:colcon.colcon_core.package_identification:_identify(.) by extensions ['ros']
[0.243s] Level 1:colcon.colcon_core.package_identification:_identify(.) by extension 'ros'
[0.252s] Level 1:colcon.colcon_core.package_identification:_identify(.) by extensions ['cmake', 'python']
[0.252s] Level 1:colcon.colcon_core.package_identification:_identify(.) by extension 'cmake'
[0.252s] Level 1:colcon.colcon_core.package_identification:_identify(.) by extension 'python'
[0.252s] Level 1:colcon.colcon_core.package_identification:_identify(.) by extensions ['python_setup_py']
[0.252s] Level 1:colcon.colcon_core.package_identification:_identify(.) by extension 'python_setup_py'
[0.253s] Level 1:colcon.colcon_core.package_identification:_identify(assets) by extensions ['ignore', 'ignore_ament_install']
[0.253s] Level 1:colcon.colcon_core.package_identification:_identify(assets) by extension 'ignore'
[0.253s] Level 1:colcon.colcon_core.package_identification:_identify(assets) by extension 'ignore_ament_install'
[0.253s] Level 1:colcon.colcon_core.package_identification:_identify(assets) by extensions ['colcon_pkg']
[0.253s] Level 1:colcon.colcon_core.package_identification:_identify(assets) by extension 'colcon_pkg'
[0.253s] Level 1:colcon.colcon_core.package_identification:_identify(assets) by extensions ['colcon_meta']
[0.253s] Level 1:colcon.colcon_core.package_identification:_identify(assets) by extension 'colcon_meta'
[0.253s] Level 1:colcon.colcon_core.package_identification:_identify(assets) by extensions ['ros']
[0.253s] Level 1:colcon.colcon_core.package_identification:_identify(assets) by extension 'ros'
[0.253s] Level 1:colcon.colcon_core.package_identification:_identify(assets) by extensions ['cmake', 'python']
[0.253s] Level 1:colcon.colcon_core.package_identification:_identify(assets) by extension 'cmake'
[0.253s] Level 1:colcon.colcon_core.package_identification:_identify(assets) by extension 'python'
[0.254s] Level 1:colcon.colcon_core.package_identification:_identify(assets) by extensions ['python_setup_py']
[0.254s] Level 1:colcon.colcon_core.package_identification:_identify(assets) by extension 'python_setup_py'
[0.254s] Level 1:colcon.colcon_core.package_identification:_identify(build) by extensions ['ignore', 'ignore_ament_install']
[0.254s] Level 1:colcon.colcon_core.package_identification:_identify(build) by extension 'ignore'
[0.254s] Level 1:colcon.colcon_core.package_identification:_identify(build) ignored
[0.254s] Level 1:colcon.colcon_core.package_identification:_identify(install) by extensions ['ignore', 'ignore_ament_install']
[0.254s] Level 1:colcon.colcon_core.package_identification:_identify(install) by extension 'ignore'
[0.254s] Level 1:colcon.colcon_core.package_identification:_identify(install) ignored
[0.255s] Level 1:colcon.colcon_core.package_identification:_identify(log) by extensions ['ignore', 'ignore_ament_install']
[0.255s] Level 1:colcon.colcon_core.package_identification:_identify(log) by extension 'ignore'
[0.255s] Level 1:colcon.colcon_core.package_identification:_identify(log) ignored
[0.255s] Level 1:colcon.colcon_core.package_identification:_identify(src) by extensions ['ignore', 'ignore_ament_install']
[0.255s] Level 1:colcon.colcon_core.package_identification:_identify(src) by extension 'ignore'
[0.255s] Level 1:colcon.colcon_core.package_identification:_identify(src) by extension 'ignore_ament_install'
[0.255s] Level 1:colcon.colcon_core.package_identification:_identify(src) by extensions ['colcon_pkg']
[0.255s] Level 1:colcon.colcon_core.package_identification:_identify(src) by extension 'colcon_pkg'
[0.255s] Level 1:colcon.colcon_core.package_identification:_identify(src) by extensions ['colcon_meta']
[0.255s] Level 1:colcon.colcon_core.package_identification:_identify(src) by extension 'colcon_meta'
[0.255s] Level 1:colcon.colcon_core.package_identification:_identify(src) by extensions ['ros']
[0.255s] Level 1:colcon.colcon_core.package_identification:_identify(src) by extension 'ros'
[0.256s] Level 1:colcon.colcon_core.package_identification:_identify(src) by extensions ['cmake', 'python']
[0.256s] Level 1:colcon.colcon_core.package_identification:_identify(src) by extension 'cmake'
[0.256s] Level 1:colcon.colcon_core.package_identification:_identify(src) by extension 'python'
[0.256s] Level 1:colcon.colcon_core.package_identification:_identify(src) by extensions ['python_setup_py']
[0.256s] Level 1:colcon.colcon_core.package_identification:_identify(src) by extension 'python_setup_py'
[0.256s] Level 1:colcon.colcon_core.package_identification:_identify(src/random_obs_map) by extensions ['ignore', 'ignore_ament_install']
[0.256s] Level 1:colcon.colcon_core.package_identification:_identify(src/random_obs_map) by extension 'ignore'
[0.256s] Level 1:colcon.colcon_core.package_identification:_identify(src/random_obs_map) by extension 'ignore_ament_install'
[0.256s] Level 1:colcon.colcon_core.package_identification:_identify(src/random_obs_map) by extensions ['colcon_pkg']
[0.256s] Level 1:colcon.colcon_core.package_identification:_identify(src/random_obs_map) by extension 'colcon_pkg'
[0.256s] Level 1:colcon.colcon_core.package_identification:_identify(src/random_obs_map) by extensions ['colcon_meta']
[0.256s] Level 1:colcon.colcon_core.package_identification:_identify(src/random_obs_map) by extension 'colcon_meta'
[0.257s] Level 1:colcon.colcon_core.package_identification:_identify(src/random_obs_map) by extensions ['ros']
[0.257s] Level 1:colcon.colcon_core.package_identification:_identify(src/random_obs_map) by extension 'ros'
[0.259s] DEBUG:colcon.colcon_core.package_identification:Package 'src/random_obs_map' with type 'ros.ament_python' and name 'random_obs_map'
[0.260s] Level 1:colcon.colcon_core.package_identification:_identify(src/velodyne_simulator) by extensions ['ignore', 'ignore_ament_install']
[0.260s] Level 1:colcon.colcon_core.package_identification:_identify(src/velodyne_simulator) by extension 'ignore'
[0.260s] Level 1:colcon.colcon_core.package_identification:_identify(src/velodyne_simulator) by extension 'ignore_ament_install'
[0.260s] Level 1:colcon.colcon_core.package_identification:_identify(src/velodyne_simulator) by extensions ['colcon_pkg']
[0.260s] Level 1:colcon.colcon_core.package_identification:_identify(src/velodyne_simulator) by extension 'colcon_pkg'
[0.260s] Level 1:colcon.colcon_core.package_identification:_identify(src/velodyne_simulator) by extensions ['colcon_meta']
[0.260s] Level 1:colcon.colcon_core.package_identification:_identify(src/velodyne_simulator) by extension 'colcon_meta'
[0.260s] Level 1:colcon.colcon_core.package_identification:_identify(src/velodyne_simulator) by extensions ['ros']
[0.260s] Level 1:colcon.colcon_core.package_identification:_identify(src/velodyne_simulator) by extension 'ros'
[0.261s] Level 1:colcon.colcon_core.package_identification:_identify(src/velodyne_simulator) by extensions ['cmake', 'python']
[0.261s] Level 1:colcon.colcon_core.package_identification:_identify(src/velodyne_simulator) by extension 'cmake'
[0.261s] Level 1:colcon.colcon_core.package_identification:_identify(src/velodyne_simulator) by extension 'python'
[0.261s] Level 1:colcon.colcon_core.package_identification:_identify(src/velodyne_simulator) by extensions ['python_setup_py']
[0.261s] Level 1:colcon.colcon_core.package_identification:_identify(src/velodyne_simulator) by extension 'python_setup_py'
[0.261s] Level 1:colcon.colcon_core.package_identification:_identify(src/velodyne_simulator/img) by extensions ['ignore', 'ignore_ament_install']
[0.261s] Level 1:colcon.colcon_core.package_identification:_identify(src/velodyne_simulator/img) by extension 'ignore'
[0.261s] Level 1:colcon.colcon_core.package_identification:_identify(src/velodyne_simulator/img) by extension 'ignore_ament_install'
[0.261s] Level 1:colcon.colcon_core.package_identification:_identify(src/velodyne_simulator/img) by extensions ['colcon_pkg']
[0.261s] Level 1:colcon.colcon_core.package_identification:_identify(src/velodyne_simulator/img) by extension 'colcon_pkg'
[0.262s] Level 1:colcon.colcon_core.package_identification:_identify(src/velodyne_simulator/img) by extensions ['colcon_meta']
[0.262s] Level 1:colcon.colcon_core.package_identification:_identify(src/velodyne_simulator/img) by extension 'colcon_meta'
[0.262s] Level 1:colcon.colcon_core.package_identification:_identify(src/velodyne_simulator/img) by extensions ['ros']
[0.262s] Level 1:colcon.colcon_core.package_identification:_identify(src/velodyne_simulator/img) by extension 'ros'
[0.262s] Level 1:colcon.colcon_core.package_identification:_identify(src/velodyne_simulator/img) by extensions ['cmake', 'python']
[0.262s] Level 1:colcon.colcon_core.package_identification:_identify(src/velodyne_simulator/img) by extension 'cmake'
[0.262s] Level 1:colcon.colcon_core.package_identification:_identify(src/velodyne_simulator/img) by extension 'python'
[0.262s] Level 1:colcon.colcon_core.package_identification:_identify(src/velodyne_simulator/img) by extensions ['python_setup_py']
[0.262s] Level 1:colcon.colcon_core.package_identification:_identify(src/velodyne_simulator/img) by extension 'python_setup_py'
[0.262s] Level 1:colcon.colcon_core.package_identification:_identify(src/velodyne_simulator/velodyne_description) by extensions ['ignore', 'ignore_ament_install']
[0.262s] Level 1:colcon.colcon_core.package_identification:_identify(src/velodyne_simulator/velodyne_description) by extension 'ignore'
[0.262s] Level 1:colcon.colcon_core.package_identification:_identify(src/velodyne_simulator/velodyne_description) by extension 'ignore_ament_install'
[0.263s] Level 1:colcon.colcon_core.package_identification:_identify(src/velodyne_simulator/velodyne_description) by extensions ['colcon_pkg']
[0.263s] Level 1:colcon.colcon_core.package_identification:_identify(src/velodyne_simulator/velodyne_description) by extension 'colcon_pkg'
[0.263s] Level 1:colcon.colcon_core.package_identification:_identify(src/velodyne_simulator/velodyne_description) by extensions ['colcon_meta']
[0.263s] Level 1:colcon.colcon_core.package_identification:_identify(src/velodyne_simulator/velodyne_description) by extension 'colcon_meta'
[0.263s] Level 1:colcon.colcon_core.package_identification:_identify(src/velodyne_simulator/velodyne_description) by extensions ['ros']
[0.263s] Level 1:colcon.colcon_core.package_identification:_identify(src/velodyne_simulator/velodyne_description) by extension 'ros'
[0.263s] DEBUG:colcon.colcon_core.package_identification:Package 'src/velodyne_simulator/velodyne_description' with type 'ros.ament_cmake' and name 'velodyne_description'
[0.263s] Level 1:colcon.colcon_core.package_identification:_identify(src/velodyne_simulator/velodyne_gazebo_plugins) by extensions ['ignore', 'ignore_ament_install']
[0.263s] Level 1:colcon.colcon_core.package_identification:_identify(src/velodyne_simulator/velodyne_gazebo_plugins) by extension 'ignore'
[0.264s] Level 1:colcon.colcon_core.package_identification:_identify(src/velodyne_simulator/velodyne_gazebo_plugins) by extension 'ignore_ament_install'
[0.264s] Level 1:colcon.colcon_core.package_identification:_identify(src/velodyne_simulator/velodyne_gazebo_plugins) by extensions ['colcon_pkg']
[0.264s] Level 1:colcon.colcon_core.package_identification:_identify(src/velodyne_simulator/velodyne_gazebo_plugins) by extension 'colcon_pkg'
[0.264s] Level 1:colcon.colcon_core.package_identification:_identify(src/velodyne_simulator/velodyne_gazebo_plugins) by extensions ['colcon_meta']
[0.264s] Level 1:colcon.colcon_core.package_identification:_identify(src/velodyne_simulator/velodyne_gazebo_plugins) by extension 'colcon_meta'
[0.264s] Level 1:colcon.colcon_core.package_identification:_identify(src/velodyne_simulator/velodyne_gazebo_plugins) by extensions ['ros']
[0.264s] Level 1:colcon.colcon_core.package_identification:_identify(src/velodyne_simulator/velodyne_gazebo_plugins) by extension 'ros'
[0.264s] DEBUG:colcon.colcon_core.package_identification:Package 'src/velodyne_simulator/velodyne_gazebo_plugins' with type 'ros.ament_cmake' and name 'velodyne_gazebo_plugins'
[0.264s] Level 1:colcon.colcon_core.package_identification:_identify(src/velodyne_simulator/velodyne_simulator) by extensions ['ignore', 'ignore_ament_install']
[0.264s] Level 1:colcon.colcon_core.package_identification:_identify(src/velodyne_simulator/velodyne_simulator) by extension 'ignore'
[0.264s] Level 1:colcon.colcon_core.package_identification:_identify(src/velodyne_simulator/velodyne_simulator) by extension 'ignore_ament_install'
[0.264s] Level 1:colcon.colcon_core.package_identification:_identify(src/velodyne_simulator/velodyne_simulator) by extensions ['colcon_pkg']
[0.264s] Level 1:colcon.colcon_core.package_identification:_identify(src/velodyne_simulator/velodyne_simulator) by extension 'colcon_pkg'
[0.264s] Level 1:colcon.colcon_core.package_identification:_identify(src/velodyne_simulator/velodyne_simulator) by extensions ['colcon_meta']
[0.264s] Level 1:colcon.colcon_core.package_identification:_identify(src/velodyne_simulator/velodyne_simulator) by extension 'colcon_meta'
[0.265s] Level 1:colcon.colcon_core.package_identification:_identify(src/velodyne_simulator/velodyne_simulator) by extensions ['ros']
[0.265s] Level 1:colcon.colcon_core.package_identification:_identify(src/velodyne_simulator/velodyne_simulator) by extension 'ros'
[0.265s] DEBUG:colcon.colcon_core.package_identification:Package 'src/velodyne_simulator/velodyne_simulator' with type 'ros.ament_cmake' and name 'velodyne_simulator'
[0.265s] Level 1:colcon.colcon_core.package_discovery:discover_packages(recursive) using defaults
[0.265s] Level 1:colcon.colcon_core.package_discovery:discover_packages(ignore) discover
[0.265s] Level 1:colcon.colcon_core.package_discovery:discover_packages(ignore) using defaults
[0.265s] Level 1:colcon.colcon_core.package_discovery:discover_packages(path) discover
[0.265s] Level 1:colcon.colcon_core.package_discovery:discover_packages(path) using defaults
[0.281s] Level 1:colcon.colcon_core.package_discovery:discover_packages(prefix_path) check parameters
[0.281s] Level 1:colcon.colcon_core.package_discovery:discover_packages(prefix_path) discover
[0.282s] WARNING:colcon.colcon_ros.prefix_path.ament:The path '/home/yunfeibi/Ros_projects/ros2-randomly-generate-obstacles/install/src' in the environment variable AMENT_PREFIX_PATH doesn't exist
[0.282s] DEBUG:colcon.colcon_installed_package_information.package_discovery:Found 1 installed packages in /home/yunfeibi/Ros_projects/ros2-randomly-generate-obstacles/install
[0.283s] DEBUG:colcon.colcon_installed_package_information.package_discovery:Found 277 installed packages in /opt/ros/rolling
[0.284s] Level 1:colcon.colcon_core.package_discovery:discover_packages(prefix_path) using defaults
[0.332s] Level 5:colcon.colcon_core.verb:set package 'random_obs_map' build argument 'cmake_args' from command line to 'None'
[0.332s] Level 5:colcon.colcon_core.verb:set package 'random_obs_map' build argument 'cmake_target' from command line to 'None'
[0.332s] Level 5:colcon.colcon_core.verb:set package 'random_obs_map' build argument 'cmake_target_skip_unavailable' from command line to 'False'
[0.332s] Level 5:colcon.colcon_core.verb:set package 'random_obs_map' build argument 'cmake_clean_cache' from command line to 'False'
[0.332s] Level 5:colcon.colcon_core.verb:set package 'random_obs_map' build argument 'cmake_clean_first' from command line to 'False'
[0.332s] Level 5:colcon.colcon_core.verb:set package 'random_obs_map' build argument 'cmake_force_configure' from command line to 'False'
[0.332s] Level 5:colcon.colcon_core.verb:set package 'random_obs_map' build argument 'ament_cmake_args' from command line to 'None'
[0.332s] Level 5:colcon.colcon_core.verb:set package 'random_obs_map' build argument 'catkin_cmake_args' from command line to 'None'
[0.332s] Level 5:colcon.colcon_core.verb:set package 'random_obs_map' build argument 'catkin_skip_building_tests' from command line to 'False'
[0.332s] DEBUG:colcon.colcon_core.verb:Building package 'random_obs_map' with the following arguments: {'ament_cmake_args': None, 'build_base': '/home/yunfeibi/Ros_projects/ros2-randomly-generate-obstacles/build/random_obs_map', 'catkin_cmake_args': None, 'catkin_skip_building_tests': False, 'cmake_args': None, 'cmake_clean_cache': False, 'cmake_clean_first': False, 'cmake_force_configure': False, 'cmake_target': None, 'cmake_target_skip_unavailable': False, 'install_base': '/home/yunfeibi/Ros_projects/ros2-randomly-generate-obstacles/install/random_obs_map', 'merge_install': False, 'path': '/home/yunfeibi/Ros_projects/ros2-randomly-generate-obstacles/src/random_obs_map', 'symlink_install': False, 'test_result_base': None}
[0.332s] Level 5:colcon.colcon_core.verb:set package 'velodyne_description' build argument 'cmake_args' from command line to 'None'
[0.332s] Level 5:colcon.colcon_core.verb:set package 'velodyne_description' build argument 'cmake_target' from command line to 'None'
[0.332s] Level 5:colcon.colcon_core.verb:set package 'velodyne_description' build argument 'cmake_target_skip_unavailable' from command line to 'False'
[0.332s] Level 5:colcon.colcon_core.verb:set package 'velodyne_description' build argument 'cmake_clean_cache' from command line to 'False'
[0.332s] Level 5:colcon.colcon_core.verb:set package 'velodyne_description' build argument 'cmake_clean_first' from command line to 'False'
[0.332s] Level 5:colcon.colcon_core.verb:set package 'velodyne_description' build argument 'cmake_force_configure' from command line to 'False'
[0.332s] Level 5:colcon.colcon_core.verb:set package 'velodyne_description' build argument 'ament_cmake_args' from command line to 'None'
[0.332s] Level 5:colcon.colcon_core.verb:set package 'velodyne_description' build argument 'catkin_cmake_args' from command line to 'None'
[0.332s] Level 5:colcon.colcon_core.verb:set package 'velodyne_description' build argument 'catkin_skip_building_tests' from command line to 'False'
[0.332s] DEBUG:colcon.colcon_core.verb:Building package 'velodyne_description' with the following arguments: {'ament_cmake_args': None, 'build_base': '/home/yunfeibi/Ros_projects/ros2-randomly-generate-obstacles/build/velodyne_description', 'catkin_cmake_args': None, 'catkin_skip_building_tests': False, 'cmake_args': None, 'cmake_clean_cache': False, 'cmake_clean_first': False, 'cmake_force_configure': False, 'cmake_target': None, 'cmake_target_skip_unavailable': False, 'install_base': '/home/yunfeibi/Ros_projects/ros2-randomly-generate-obstacles/install/velodyne_description', 'merge_install': False, 'path': '/home/yunfeibi/Ros_projects/ros2-randomly-generate-obstacles/src/velodyne_simulator/velodyne_description', 'symlink_install': False, 'test_result_base': None}
[0.333s] Level 5:colcon.colcon_core.verb:set package 'velodyne_gazebo_plugins' build argument 'cmake_args' from command line to 'None'
[0.333s] Level 5:colcon.colcon_core.verb:set package 'velodyne_gazebo_plugins' build argument 'cmake_target' from command line to 'None'
[0.333s] Level 5:colcon.colcon_core.verb:set package 'velodyne_gazebo_plugins' build argument 'cmake_target_skip_unavailable' from command line to 'False'
[0.333s] Level 5:colcon.colcon_core.verb:set package 'velodyne_gazebo_plugins' build argument 'cmake_clean_cache' from command line to 'False'
[0.333s] Level 5:colcon.colcon_core.verb:set package 'velodyne_gazebo_plugins' build argument 'cmake_clean_first' from command line to 'False'
[0.333s] Level 5:colcon.colcon_core.verb:set package 'velodyne_gazebo_plugins' build argument 'cmake_force_configure' from command line to 'False'
[0.333s] Level 5:colcon.colcon_core.verb:set package 'velodyne_gazebo_plugins' build argument 'ament_cmake_args' from command line to 'None'
[0.333s] Level 5:colcon.colcon_core.verb:set package 'velodyne_gazebo_plugins' build argument 'catkin_cmake_args' from command line to 'None'
[0.333s] Level 5:colcon.colcon_core.verb:set package 'velodyne_gazebo_plugins' build argument 'catkin_skip_building_tests' from command line to 'False'
[0.333s] DEBUG:colcon.colcon_core.verb:Building package 'velodyne_gazebo_plugins' with the following arguments: {'ament_cmake_args': None, 'build_base': '/home/yunfeibi/Ros_projects/ros2-randomly-generate-obstacles/build/velodyne_gazebo_plugins', 'catkin_cmake_args': None, 'catkin_skip_building_tests': False, 'cmake_args': None, 'cmake_clean_cache': False, 'cmake_clean_first': False, 'cmake_force_configure': False, 'cmake_target': None, 'cmake_target_skip_unavailable': False, 'install_base': '/home/yunfeibi/Ros_projects/ros2-randomly-generate-obstacles/install/velodyne_gazebo_plugins', 'merge_install': False, 'path': '/home/yunfeibi/Ros_projects/ros2-randomly-generate-obstacles/src/velodyne_simulator/velodyne_gazebo_plugins', 'symlink_install': False, 'test_result_base': None}
[0.333s] Level 5:colcon.colcon_core.verb:set package 'velodyne_simulator' build argument 'cmake_args' from command line to 'None'
[0.333s] Level 5:colcon.colcon_core.verb:set package 'velodyne_simulator' build argument 'cmake_target' from command line to 'None'
[0.333s] Level 5:colcon.colcon_core.verb:set package 'velodyne_simulator' build argument 'cmake_target_skip_unavailable' from command line to 'False'
[0.333s] Level 5:colcon.colcon_core.verb:set package 'velodyne_simulator' build argument 'cmake_clean_cache' from command line to 'False'
[0.333s] Level 5:colcon.colcon_core.verb:set package 'velodyne_simulator' build argument 'cmake_clean_first' from command line to 'False'
[0.333s] Level 5:colcon.colcon_core.verb:set package 'velodyne_simulator' build argument 'cmake_force_configure' from command line to 'False'
[0.333s] Level 5:colcon.colcon_core.verb:set package 'velodyne_simulator' build argument 'ament_cmake_args' from command line to 'None'
[0.333s] Level 5:colcon.colcon_core.verb:set package 'velodyne_simulator' build argument 'catkin_cmake_args' from command line to 'None'
[0.333s] Level 5:colcon.colcon_core.verb:set package 'velodyne_simulator' build argument 'catkin_skip_building_tests' from command line to 'False'
[0.333s] DEBUG:colcon.colcon_core.verb:Building package 'velodyne_simulator' with the following arguments: {'ament_cmake_args': None, 'build_base': '/home/yunfeibi/Ros_projects/ros2-randomly-generate-obstacles/build/velodyne_simulator', 'catkin_cmake_args': None, 'catkin_skip_building_tests': False, 'cmake_args': None, 'cmake_clean_cache': False, 'cmake_clean_first': False, 'cmake_force_configure': False, 'cmake_target': None, 'cmake_target_skip_unavailable': False, 'install_base': '/home/yunfeibi/Ros_projects/ros2-randomly-generate-obstacles/install/velodyne_simulator', 'merge_install': False, 'path': '/home/yunfeibi/Ros_projects/ros2-randomly-generate-obstacles/src/velodyne_simulator/velodyne_simulator', 'symlink_install': False, 'test_result_base': None}
[0.333s] INFO:colcon.colcon_core.executor:Executing jobs using 'parallel' executor
[0.334s] DEBUG:colcon.colcon_parallel_executor.executor.parallel:run_until_complete
[0.334s] INFO:colcon.colcon_ros.task.ament_cmake.build:Building ROS package in '/home/yunfeibi/Ros_projects/ros2-randomly-generate-obstacles/src/velodyne_simulator/velodyne_description' with build type 'ament_cmake'
[0.334s] INFO:colcon.colcon_cmake.task.cmake.build:Building CMake package in '/home/yunfeibi/Ros_projects/ros2-randomly-generate-obstacles/src/velodyne_simulator/velodyne_description'
[0.336s] INFO:colcon.colcon_core.plugin_system:Skipping extension 'colcon_core.shell.bat': Not used on non-Windows systems
[0.336s] INFO:colcon.colcon_core.shell:Skip shell extension 'powershell' for command environment: Not usable outside of PowerShell
[0.336s] DEBUG:colcon.colcon_core.shell:Skip shell extension 'dsv' for command environment
[0.340s] INFO:colcon.colcon_ros.task.ament_cmake.build:Building ROS package in '/home/yunfeibi/Ros_projects/ros2-randomly-generate-obstacles/src/velodyne_simulator/velodyne_gazebo_plugins' with build type 'ament_cmake'
[0.340s] INFO:colcon.colcon_cmake.task.cmake.build:Building CMake package in '/home/yunfeibi/Ros_projects/ros2-randomly-generate-obstacles/src/velodyne_simulator/velodyne_gazebo_plugins'
[0.340s] INFO:colcon.colcon_core.shell:Skip shell extension 'powershell' for command environment: Not usable outside of PowerShell
[0.341s] DEBUG:colcon.colcon_core.shell:Skip shell extension 'dsv' for command environment
[0.344s] INFO:colcon.colcon_ros.task.ament_python.build:Building ROS package in '/home/yunfeibi/Ros_projects/ros2-randomly-generate-obstacles/src/random_obs_map' with build type 'ament_python'
[0.344s] Level 1:colcon.colcon_core.shell:create_environment_hook('random_obs_map', 'ament_prefix_path')
[0.345s] INFO:colcon.colcon_core.shell:Creating environment hook '/home/yunfeibi/Ros_projects/ros2-randomly-generate-obstacles/install/random_obs_map/share/random_obs_map/hook/ament_prefix_path.ps1'
[0.345s] INFO:colcon.colcon_core.shell:Creating environment descriptor '/home/yunfeibi/Ros_projects/ros2-randomly-generate-obstacles/install/random_obs_map/share/random_obs_map/hook/ament_prefix_path.dsv'
[0.346s] INFO:colcon.colcon_core.shell:Creating environment hook '/home/yunfeibi/Ros_projects/ros2-randomly-generate-obstacles/install/random_obs_map/share/random_obs_map/hook/ament_prefix_path.sh'
[0.346s] INFO:colcon.colcon_core.shell:Skip shell extension 'powershell' for command environment: Not usable outside of PowerShell
[0.346s] DEBUG:colcon.colcon_core.shell:Skip shell extension 'dsv' for command environment
[0.354s] DEBUG:colcon.colcon_core.event_handler.log_command:Invoking command in '/home/yunfeibi/Ros_projects/ros2-randomly-generate-obstacles/build/velodyne_description': CMAKE_PREFIX_PATH=/home/yunfeibi/Ros_projects/ros2-randomly-generate-obstacles/install/random_obs_map:/home/yunfeibi/Ros_projects/ros2-randomly-generate-obstacles/install/src:/opt/ros/rolling /usr/bin/cmake /home/yunfeibi/Ros_projects/ros2-randomly-generate-obstacles/src/velodyne_simulator/velodyne_description -DCMAKE_INSTALL_PREFIX=/home/yunfeibi/Ros_projects/ros2-randomly-generate-obstacles/install/velodyne_description
[0.358s] DEBUG:colcon.colcon_core.event_handler.log_command:Invoking command in '/home/yunfeibi/Ros_projects/ros2-randomly-generate-obstacles/build/velodyne_gazebo_plugins': CMAKE_PREFIX_PATH=/home/yunfeibi/Ros_projects/ros2-randomly-generate-obstacles/install/random_obs_map:/home/yunfeibi/Ros_projects/ros2-randomly-generate-obstacles/install/src:/opt/ros/rolling /usr/bin/cmake /home/yunfeibi/Ros_projects/ros2-randomly-generate-obstacles/src/velodyne_simulator/velodyne_gazebo_plugins -DCMAKE_INSTALL_PREFIX=/home/yunfeibi/Ros_projects/ros2-randomly-generate-obstacles/install/velodyne_gazebo_plugins
[0.527s] INFO:colcon.colcon_core.task.python.build:Building Python package in '/home/yunfeibi/Ros_projects/ros2-randomly-generate-obstacles/src/random_obs_map'
[0.528s] INFO:colcon.colcon_core.shell:Skip shell extension 'powershell' for command environment: Not usable outside of PowerShell
[0.528s] DEBUG:colcon.colcon_core.shell:Skip shell extension 'dsv' for command environment
[0.844s] DEBUG:colcon.colcon_core.event_handler.log_command:Invoking command in '/home/yunfeibi/Ros_projects/ros2-randomly-generate-obstacles/src/random_obs_map': PYTHONPATH=/home/yunfeibi/Ros_projects/ros2-randomly-generate-obstacles/build/random_obs_map/prefix_override:/usr/lib/python3/dist-packages/colcon_core/task/python/colcon_distutils_commands:/home/yunfeibi/Ros_projects/ros2-randomly-generate-obstacles/install/random_obs_map/lib/python3.8/site-packages:${PYTHONPATH} /usr/bin/python3 -W ignore:setup.py install is deprecated -W ignore:easy_install command is deprecated setup.py egg_info --egg-base ../../build/random_obs_map build --build-base /home/yunfeibi/Ros_projects/ros2-randomly-generate-obstacles/build/random_obs_map/build install --record /home/yunfeibi/Ros_projects/ros2-randomly-generate-obstacles/build/random_obs_map/install.log --single-version-externally-managed install_data
[1.063s] DEBUG:colcon.colcon_core.event_handler.log_command:Invoked command in '/home/yunfeibi/Ros_projects/ros2-randomly-generate-obstacles/src/random_obs_map' returned '0': PYTHONPATH=/home/yunfeibi/Ros_projects/ros2-randomly-generate-obstacles/build/random_obs_map/prefix_override:/usr/lib/python3/dist-packages/colcon_core/task/python/colcon_distutils_commands:/home/yunfeibi/Ros_projects/ros2-randomly-generate-obstacles/install/random_obs_map/lib/python3.8/site-packages:${PYTHONPATH} /usr/bin/python3 -W ignore:setup.py install is deprecated -W ignore:easy_install command is deprecated setup.py egg_info --egg-base ../../build/random_obs_map build --build-base /home/yunfeibi/Ros_projects/ros2-randomly-generate-obstacles/build/random_obs_map/build install --record /home/yunfeibi/Ros_projects/ros2-randomly-generate-obstacles/build/random_obs_map/install.log --single-version-externally-managed install_data
[1.066s] Level 1:colcon.colcon_core.environment:checking '/home/yunfeibi/Ros_projects/ros2-randomly-generate-obstacles/install/random_obs_map' for CMake module files
[1.066s] Level 1:colcon.colcon_core.environment:checking '/home/yunfeibi/Ros_projects/ros2-randomly-generate-obstacles/install/random_obs_map' for CMake config files
[1.067s] Level 1:colcon.colcon_core.environment:checking '/home/yunfeibi/Ros_projects/ros2-randomly-generate-obstacles/install/random_obs_map/lib'
[1.067s] Level 1:colcon.colcon_core.environment:checking '/home/yunfeibi/Ros_projects/ros2-randomly-generate-obstacles/install/random_obs_map/bin'
[1.067s] Level 1:colcon.colcon_core.environment:checking '/home/yunfeibi/Ros_projects/ros2-randomly-generate-obstacles/install/random_obs_map/lib/pkgconfig/random_obs_map.pc'
[1.068s] Level 1:colcon.colcon_core.environment:checking '/home/yunfeibi/Ros_projects/ros2-randomly-generate-obstacles/install/random_obs_map/lib/python3.8/site-packages'
[1.068s] Level 1:colcon.colcon_core.shell:create_environment_hook('random_obs_map', 'pythonpath')
[1.068s] INFO:colcon.colcon_core.shell:Creating environment hook '/home/yunfeibi/Ros_projects/ros2-randomly-generate-obstacles/install/random_obs_map/share/random_obs_map/hook/pythonpath.ps1'
[1.068s] INFO:colcon.colcon_core.shell:Creating environment descriptor '/home/yunfeibi/Ros_projects/ros2-randomly-generate-obstacles/install/random_obs_map/share/random_obs_map/hook/pythonpath.dsv'
[1.069s] INFO:colcon.colcon_core.shell:Creating environment hook '/home/yunfeibi/Ros_projects/ros2-randomly-generate-obstacles/install/random_obs_map/share/random_obs_map/hook/pythonpath.sh'
[1.069s] Level 1:colcon.colcon_core.environment:checking '/home/yunfeibi/Ros_projects/ros2-randomly-generate-obstacles/install/random_obs_map/bin'
[1.069s] Level 1:colcon.colcon_core.environment:create_environment_scripts_only(random_obs_map)
[1.070s] INFO:colcon.colcon_core.shell:Creating package script '/home/yunfeibi/Ros_projects/ros2-randomly-generate-obstacles/install/random_obs_map/share/random_obs_map/package.ps1'
[1.071s] INFO:colcon.colcon_core.shell:Creating package descriptor '/home/yunfeibi/Ros_projects/ros2-randomly-generate-obstacles/install/random_obs_map/share/random_obs_map/package.dsv'
[1.071s] INFO:colcon.colcon_core.shell:Creating package script '/home/yunfeibi/Ros_projects/ros2-randomly-generate-obstacles/install/random_obs_map/share/random_obs_map/package.sh'
[1.071s] INFO:colcon.colcon_core.shell:Creating package script '/home/yunfeibi/Ros_projects/ros2-randomly-generate-obstacles/install/random_obs_map/share/random_obs_map/package.bash'
[1.072s] INFO:colcon.colcon_core.shell:Creating package script '/home/yunfeibi/Ros_projects/ros2-randomly-generate-obstacles/install/random_obs_map/share/random_obs_map/package.zsh'
[1.072s] Level 1:colcon.colcon_core.environment:create_file_with_runtime_dependencies(/home/yunfeibi/Ros_projects/ros2-randomly-generate-obstacles/install/random_obs_map/share/colcon-core/packages/random_obs_map)
[2.570s] DEBUG:colcon.colcon_core.event_handler.log_command:Invoked command in '/home/yunfeibi/Ros_projects/ros2-randomly-generate-obstacles/build/velodyne_description' returned '0': CMAKE_PREFIX_PATH=/home/yunfeibi/Ros_projects/ros2-randomly-generate-obstacles/install/random_obs_map:/home/yunfeibi/Ros_projects/ros2-randomly-generate-obstacles/install/src:/opt/ros/rolling /usr/bin/cmake /home/yunfeibi/Ros_projects/ros2-randomly-generate-obstacles/src/velodyne_simulator/velodyne_description -DCMAKE_INSTALL_PREFIX=/home/yunfeibi/Ros_projects/ros2-randomly-generate-obstacles/install/velodyne_description
[2.573s] DEBUG:colcon.colcon_core.event_handler.log_command:Invoking command in '/home/yunfeibi/Ros_projects/ros2-randomly-generate-obstacles/build/velodyne_description': CMAKE_PREFIX_PATH=/home/yunfeibi/Ros_projects/ros2-randomly-generate-obstacles/install/random_obs_map:/home/yunfeibi/Ros_projects/ros2-randomly-generate-obstacles/install/src:/opt/ros/rolling /usr/bin/cmake --build /home/yunfeibi/Ros_projects/ros2-randomly-generate-obstacles/build/velodyne_description -- -j12 -l12
[2.614s] DEBUG:colcon.colcon_core.event_handler.log_command:Invoked command in '/home/yunfeibi/Ros_projects/ros2-randomly-generate-obstacles/build/velodyne_description' returned '0': CMAKE_PREFIX_PATH=/home/yunfeibi/Ros_projects/ros2-randomly-generate-obstacles/install/random_obs_map:/home/yunfeibi/Ros_projects/ros2-randomly-generate-obstacles/install/src:/opt/ros/rolling /usr/bin/cmake --build /home/yunfeibi/Ros_projects/ros2-randomly-generate-obstacles/build/velodyne_description -- -j12 -l12
[2.627s] DEBUG:colcon.colcon_core.event_handler.log_command:Invoking command in '/home/yunfeibi/Ros_projects/ros2-randomly-generate-obstacles/build/velodyne_description': CMAKE_PREFIX_PATH=/home/yunfeibi/Ros_projects/ros2-randomly-generate-obstacles/install/random_obs_map:/home/yunfeibi/Ros_projects/ros2-randomly-generate-obstacles/install/src:/opt/ros/rolling /usr/bin/cmake --install /home/yunfeibi/Ros_projects/ros2-randomly-generate-obstacles/build/velodyne_description
[2.782s] Level 1:colcon.colcon_core.environment:create_environment_scripts_only(velodyne_description)
[2.782s] Level 1:colcon.colcon_core.environment:checking '/home/yunfeibi/Ros_projects/ros2-randomly-generate-obstacles/install/velodyne_description' for CMake module files
[2.783s] DEBUG:colcon.colcon_core.event_handler.log_command:Invoked command in '/home/yunfeibi/Ros_projects/ros2-randomly-generate-obstacles/build/velodyne_description' returned '0': CMAKE_PREFIX_PATH=/home/yunfeibi/Ros_projects/ros2-randomly-generate-obstacles/install/random_obs_map:/home/yunfeibi/Ros_projects/ros2-randomly-generate-obstacles/install/src:/opt/ros/rolling /usr/bin/cmake --install /home/yunfeibi/Ros_projects/ros2-randomly-generate-obstacles/build/velodyne_description
[2.783s] Level 1:colcon.colcon_core.environment:checking '/home/yunfeibi/Ros_projects/ros2-randomly-generate-obstacles/install/velodyne_description' for CMake config files
[2.784s] Level 1:colcon.colcon_core.shell:create_environment_hook('velodyne_description', 'cmake_prefix_path')
[2.784s] INFO:colcon.colcon_core.shell:Creating environment hook '/home/yunfeibi/Ros_projects/ros2-randomly-generate-obstacles/install/velodyne_description/share/velodyne_description/hook/cmake_prefix_path.ps1'
[2.784s] INFO:colcon.colcon_core.shell:Creating environment descriptor '/home/yunfeibi/Ros_projects/ros2-randomly-generate-obstacles/install/velodyne_description/share/velodyne_description/hook/cmake_prefix_path.dsv'
[2.785s] INFO:colcon.colcon_core.shell:Creating environment hook '/home/yunfeibi/Ros_projects/ros2-randomly-generate-obstacles/install/velodyne_description/share/velodyne_description/hook/cmake_prefix_path.sh'
[2.785s] Level 1:colcon.colcon_core.environment:checking '/home/yunfeibi/Ros_projects/ros2-randomly-generate-obstacles/install/velodyne_description/bin'
[2.785s] Level 1:colcon.colcon_core.environment:checking '/home/yunfeibi/Ros_projects/ros2-randomly-generate-obstacles/install/velodyne_description/lib/pkgconfig/velodyne_description.pc'
[2.786s] Level 1:colcon.colcon_core.environment:checking '/home/yunfeibi/Ros_projects/ros2-randomly-generate-obstacles/install/velodyne_description/lib/python3.8/site-packages'
[2.786s] Level 1:colcon.colcon_core.environment:checking '/home/yunfeibi/Ros_projects/ros2-randomly-generate-obstacles/install/velodyne_description/bin'
[2.786s] INFO:colcon.colcon_core.shell:Creating package script '/home/yunfeibi/Ros_projects/ros2-randomly-generate-obstacles/install/velodyne_description/share/velodyne_description/package.ps1'
[2.786s] INFO:colcon.colcon_core.shell:Creating package descriptor '/home/yunfeibi/Ros_projects/ros2-randomly-generate-obstacles/install/velodyne_description/share/velodyne_description/package.dsv'
[2.787s] INFO:colcon.colcon_core.shell:Creating package script '/home/yunfeibi/Ros_projects/ros2-randomly-generate-obstacles/install/velodyne_description/share/velodyne_description/package.sh'
[2.787s] INFO:colcon.colcon_core.shell:Creating package script '/home/yunfeibi/Ros_projects/ros2-randomly-generate-obstacles/install/velodyne_description/share/velodyne_description/package.bash'
[2.788s] INFO:colcon.colcon_core.shell:Creating package script '/home/yunfeibi/Ros_projects/ros2-randomly-generate-obstacles/install/velodyne_description/share/velodyne_description/package.zsh'
[2.788s] Level 1:colcon.colcon_core.environment:create_file_with_runtime_dependencies(/home/yunfeibi/Ros_projects/ros2-randomly-generate-obstacles/install/velodyne_description/share/colcon-core/packages/velodyne_description)
[2.789s] Level 1:colcon.colcon_core.environment:create_environment_scripts_only(velodyne_description)
[2.789s] Level 1:colcon.colcon_core.environment:checking '/home/yunfeibi/Ros_projects/ros2-randomly-generate-obstacles/install/velodyne_description' for CMake module files
[2.790s] Level 1:colcon.colcon_core.environment:checking '/home/yunfeibi/Ros_projects/ros2-randomly-generate-obstacles/install/velodyne_description' for CMake config files
[2.790s] Level 1:colcon.colcon_core.shell:create_environment_hook('velodyne_description', 'cmake_prefix_path')
[2.791s] INFO:colcon.colcon_core.shell:Creating environment hook '/home/yunfeibi/Ros_projects/ros2-randomly-generate-obstacles/install/velodyne_description/share/velodyne_description/hook/cmake_prefix_path.ps1'
[2.791s] INFO:colcon.colcon_core.shell:Creating environment descriptor '/home/yunfeibi/Ros_projects/ros2-randomly-generate-obstacles/install/velodyne_description/share/velodyne_description/hook/cmake_prefix_path.dsv'
[2.792s] INFO:colcon.colcon_core.shell:Creating environment hook '/home/yunfeibi/Ros_projects/ros2-randomly-generate-obstacles/install/velodyne_description/share/velodyne_description/hook/cmake_prefix_path.sh'
[2.792s] Level 1:colcon.colcon_core.environment:checking '/home/yunfeibi/Ros_projects/ros2-randomly-generate-obstacles/install/velodyne_description/bin'
[2.792s] Level 1:colcon.colcon_core.environment:checking '/home/yunfeibi/Ros_projects/ros2-randomly-generate-obstacles/install/velodyne_description/lib/pkgconfig/velodyne_description.pc'
[2.792s] Level 1:colcon.colcon_core.environment:checking '/home/yunfeibi/Ros_projects/ros2-randomly-generate-obstacles/install/velodyne_description/lib/python3.8/site-packages'
[2.792s] Level 1:colcon.colcon_core.environment:checking '/home/yunfeibi/Ros_projects/ros2-randomly-generate-obstacles/install/velodyne_description/bin'
[2.793s] INFO:colcon.colcon_core.shell:Creating package script '/home/yunfeibi/Ros_projects/ros2-randomly-generate-obstacles/install/velodyne_description/share/velodyne_description/package.ps1'
[2.793s] INFO:colcon.colcon_core.shell:Creating package descriptor '/home/yunfeibi/Ros_projects/ros2-randomly-generate-obstacles/install/velodyne_description/share/velodyne_description/package.dsv'
[2.794s] INFO:colcon.colcon_core.shell:Creating package script '/home/yunfeibi/Ros_projects/ros2-randomly-generate-obstacles/install/velodyne_description/share/velodyne_description/package.sh'
[2.794s] INFO:colcon.colcon_core.shell:Creating package script '/home/yunfeibi/Ros_projects/ros2-randomly-generate-obstacles/install/velodyne_description/share/velodyne_description/package.bash'
[2.795s] INFO:colcon.colcon_core.shell:Creating package script '/home/yunfeibi/Ros_projects/ros2-randomly-generate-obstacles/install/velodyne_description/share/velodyne_description/package.zsh'
[2.795s] Level 1:colcon.colcon_core.environment:create_file_with_runtime_dependencies(/home/yunfeibi/Ros_projects/ros2-randomly-generate-obstacles/install/velodyne_description/share/colcon-core/packages/velodyne_description)
[3.387s] DEBUG:colcon.colcon_core.event_handler.log_command:Invoked command in '/home/yunfeibi/Ros_projects/ros2-randomly-generate-obstacles/build/velodyne_gazebo_plugins' returned '0': CMAKE_PREFIX_PATH=/home/yunfeibi/Ros_projects/ros2-randomly-generate-obstacles/install/random_obs_map:/home/yunfeibi/Ros_projects/ros2-randomly-generate-obstacles/install/src:/opt/ros/rolling /usr/bin/cmake /home/yunfeibi/Ros_projects/ros2-randomly-generate-obstacles/src/velodyne_simulator/velodyne_gazebo_plugins -DCMAKE_INSTALL_PREFIX=/home/yunfeibi/Ros_projects/ros2-randomly-generate-obstacles/install/velodyne_gazebo_plugins
[3.391s] DEBUG:colcon.colcon_core.event_handler.log_command:Invoking command in '/home/yunfeibi/Ros_projects/ros2-randomly-generate-obstacles/build/velodyne_gazebo_plugins': CMAKE_PREFIX_PATH=/home/yunfeibi/Ros_projects/ros2-randomly-generate-obstacles/install/random_obs_map:/home/yunfeibi/Ros_projects/ros2-randomly-generate-obstacles/install/src:/opt/ros/rolling /usr/bin/cmake --build /home/yunfeibi/Ros_projects/ros2-randomly-generate-obstacles/build/velodyne_gazebo_plugins -- -j12 -l12
[13.141s] DEBUG:colcon.colcon_core.event_handler.log_command:Invoked command in '/home/yunfeibi/Ros_projects/ros2-randomly-generate-obstacles/build/velodyne_gazebo_plugins' returned '0': CMAKE_PREFIX_PATH=/home/yunfeibi/Ros_projects/ros2-randomly-generate-obstacles/install/random_obs_map:/home/yunfeibi/Ros_projects/ros2-randomly-generate-obstacles/install/src:/opt/ros/rolling /usr/bin/cmake --build /home/yunfeibi/Ros_projects/ros2-randomly-generate-obstacles/build/velodyne_gazebo_plugins -- -j12 -l12
[13.145s] DEBUG:colcon.colcon_core.event_handler.log_command:Invoking command in '/home/yunfeibi/Ros_projects/ros2-randomly-generate-obstacles/build/velodyne_gazebo_plugins': CMAKE_PREFIX_PATH=/home/yunfeibi/Ros_projects/ros2-randomly-generate-obstacles/install/random_obs_map:/home/yunfeibi/Ros_projects/ros2-randomly-generate-obstacles/install/src:/opt/ros/rolling /usr/bin/cmake --install /home/yunfeibi/Ros_projects/ros2-randomly-generate-obstacles/build/velodyne_gazebo_plugins
[13.165s] Level 1:colcon.colcon_core.environment:create_environment_scripts_only(velodyne_gazebo_plugins)
[13.165s] Level 1:colcon.colcon_core.environment:checking '/home/yunfeibi/Ros_projects/ros2-randomly-generate-obstacles/install/velodyne_gazebo_plugins' for CMake module files
[13.166s] DEBUG:colcon.colcon_core.event_handler.log_command:Invoked command in '/home/yunfeibi/Ros_projects/ros2-randomly-generate-obstacles/build/velodyne_gazebo_plugins' returned '0': CMAKE_PREFIX_PATH=/home/yunfeibi/Ros_projects/ros2-randomly-generate-obstacles/install/random_obs_map:/home/yunfeibi/Ros_projects/ros2-randomly-generate-obstacles/install/src:/opt/ros/rolling /usr/bin/cmake --install /home/yunfeibi/Ros_projects/ros2-randomly-generate-obstacles/build/velodyne_gazebo_plugins
[13.166s] Level 1:colcon.colcon_core.environment:checking '/home/yunfeibi/Ros_projects/ros2-randomly-generate-obstacles/install/velodyne_gazebo_plugins' for CMake config files
[13.166s] Level 1:colcon.colcon_core.shell:create_environment_hook('velodyne_gazebo_plugins', 'cmake_prefix_path')
[13.166s] INFO:colcon.colcon_core.shell:Creating environment hook '/home/yunfeibi/Ros_projects/ros2-randomly-generate-obstacles/install/velodyne_gazebo_plugins/share/velodyne_gazebo_plugins/hook/cmake_prefix_path.ps1'
[13.167s] INFO:colcon.colcon_core.shell:Creating environment descriptor '/home/yunfeibi/Ros_projects/ros2-randomly-generate-obstacles/install/velodyne_gazebo_plugins/share/velodyne_gazebo_plugins/hook/cmake_prefix_path.dsv'
[13.167s] INFO:colcon.colcon_core.shell:Creating environment hook '/home/yunfeibi/Ros_projects/ros2-randomly-generate-obstacles/install/velodyne_gazebo_plugins/share/velodyne_gazebo_plugins/hook/cmake_prefix_path.sh'
[13.167s] Level 1:colcon.colcon_core.environment:checking '/home/yunfeibi/Ros_projects/ros2-randomly-generate-obstacles/install/velodyne_gazebo_plugins/lib'
[13.167s] Level 1:colcon.colcon_core.shell:create_environment_hook('velodyne_gazebo_plugins', 'ld_library_path_lib')
[13.168s] INFO:colcon.colcon_core.shell:Creating environment hook '/home/yunfeibi/Ros_projects/ros2-randomly-generate-obstacles/install/velodyne_gazebo_plugins/share/velodyne_gazebo_plugins/hook/ld_library_path_lib.ps1'
[13.168s] INFO:colcon.colcon_core.shell:Creating environment descriptor '/home/yunfeibi/Ros_projects/ros2-randomly-generate-obstacles/install/velodyne_gazebo_plugins/share/velodyne_gazebo_plugins/hook/ld_library_path_lib.dsv'
[13.168s] INFO:colcon.colcon_core.shell:Creating environment hook '/home/yunfeibi/Ros_projects/ros2-randomly-generate-obstacles/install/velodyne_gazebo_plugins/share/velodyne_gazebo_plugins/hook/ld_library_path_lib.sh'
[13.168s] Level 1:colcon.colcon_core.environment:checking '/home/yunfeibi/Ros_projects/ros2-randomly-generate-obstacles/install/velodyne_gazebo_plugins/bin'
[13.168s] Level 1:colcon.colcon_core.environment:checking '/home/yunfeibi/Ros_projects/ros2-randomly-generate-obstacles/install/velodyne_gazebo_plugins/lib/pkgconfig/velodyne_gazebo_plugins.pc'
[13.169s] Level 1:colcon.colcon_core.environment:checking '/home/yunfeibi/Ros_projects/ros2-randomly-generate-obstacles/install/velodyne_gazebo_plugins/lib/python3.8/site-packages'
[13.169s] Level 1:colcon.colcon_core.environment:checking '/home/yunfeibi/Ros_projects/ros2-randomly-generate-obstacles/install/velodyne_gazebo_plugins/bin'
[13.169s] INFO:colcon.colcon_core.shell:Creating package script '/home/yunfeibi/Ros_projects/ros2-randomly-generate-obstacles/install/velodyne_gazebo_plugins/share/velodyne_gazebo_plugins/package.ps1'
[13.169s] INFO:colcon.colcon_core.shell:Creating package descriptor '/home/yunfeibi/Ros_projects/ros2-randomly-generate-obstacles/install/velodyne_gazebo_plugins/share/velodyne_gazebo_plugins/package.dsv'
[13.170s] INFO:colcon.colcon_core.shell:Creating package script '/home/yunfeibi/Ros_projects/ros2-randomly-generate-obstacles/install/velodyne_gazebo_plugins/share/velodyne_gazebo_plugins/package.sh'
[13.170s] INFO:colcon.colcon_core.shell:Creating package script '/home/yunfeibi/Ros_projects/ros2-randomly-generate-obstacles/install/velodyne_gazebo_plugins/share/velodyne_gazebo_plugins/package.bash'
[13.170s] INFO:colcon.colcon_core.shell:Creating package script '/home/yunfeibi/Ros_projects/ros2-randomly-generate-obstacles/install/velodyne_gazebo_plugins/share/velodyne_gazebo_plugins/package.zsh'
[13.171s] Level 1:colcon.colcon_core.environment:create_file_with_runtime_dependencies(/home/yunfeibi/Ros_projects/ros2-randomly-generate-obstacles/install/velodyne_gazebo_plugins/share/colcon-core/packages/velodyne_gazebo_plugins)
[13.171s] Level 1:colcon.colcon_core.environment:create_environment_scripts_only(velodyne_gazebo_plugins)
[13.171s] Level 1:colcon.colcon_core.environment:checking '/home/yunfeibi/Ros_projects/ros2-randomly-generate-obstacles/install/velodyne_gazebo_plugins' for CMake module files
[13.172s] Level 1:colcon.colcon_core.environment:checking '/home/yunfeibi/Ros_projects/ros2-randomly-generate-obstacles/install/velodyne_gazebo_plugins' for CMake config files
[13.172s] Level 1:colcon.colcon_core.shell:create_environment_hook('velodyne_gazebo_plugins', 'cmake_prefix_path')
[13.172s] INFO:colcon.colcon_core.shell:Creating environment hook '/home/yunfeibi/Ros_projects/ros2-randomly-generate-obstacles/install/velodyne_gazebo_plugins/share/velodyne_gazebo_plugins/hook/cmake_prefix_path.ps1'
[13.172s] INFO:colcon.colcon_core.shell:Creating environment descriptor '/home/yunfeibi/Ros_projects/ros2-randomly-generate-obstacles/install/velodyne_gazebo_plugins/share/velodyne_gazebo_plugins/hook/cmake_prefix_path.dsv'
[13.173s] INFO:colcon.colcon_core.shell:Creating environment hook '/home/yunfeibi/Ros_projects/ros2-randomly-generate-obstacles/install/velodyne_gazebo_plugins/share/velodyne_gazebo_plugins/hook/cmake_prefix_path.sh'
[13.173s] Level 1:colcon.colcon_core.environment:checking '/home/yunfeibi/Ros_projects/ros2-randomly-generate-obstacles/install/velodyne_gazebo_plugins/lib'
[13.174s] Level 1:colcon.colcon_core.shell:create_environment_hook('velodyne_gazebo_plugins', 'ld_library_path_lib')
[13.174s] INFO:colcon.colcon_core.shell:Creating environment hook '/home/yunfeibi/Ros_projects/ros2-randomly-generate-obstacles/install/velodyne_gazebo_plugins/share/velodyne_gazebo_plugins/hook/ld_library_path_lib.ps1'
[13.174s] INFO:colcon.colcon_core.shell:Creating environment descriptor '/home/yunfeibi/Ros_projects/ros2-randomly-generate-obstacles/install/velodyne_gazebo_plugins/share/velodyne_gazebo_plugins/hook/ld_library_path_lib.dsv'
[13.174s] INFO:colcon.colcon_core.shell:Creating environment hook '/home/yunfeibi/Ros_projects/ros2-randomly-generate-obstacles/install/velodyne_gazebo_plugins/share/velodyne_gazebo_plugins/hook/ld_library_path_lib.sh'
[13.175s] Level 1:colcon.colcon_core.environment:checking '/home/yunfeibi/Ros_projects/ros2-randomly-generate-obstacles/install/velodyne_gazebo_plugins/bin'
[13.175s] Level 1:colcon.colcon_core.environment:checking '/home/yunfeibi/Ros_projects/ros2-randomly-generate-obstacles/install/velodyne_gazebo_plugins/lib/pkgconfig/velodyne_gazebo_plugins.pc'
[13.175s] Level 1:colcon.colcon_core.environment:checking '/home/yunfeibi/Ros_projects/ros2-randomly-generate-obstacles/install/velodyne_gazebo_plugins/lib/python3.8/site-packages'
[13.175s] Level 1:colcon.colcon_core.environment:checking '/home/yunfeibi/Ros_projects/ros2-randomly-generate-obstacles/install/velodyne_gazebo_plugins/bin'
[13.175s] INFO:colcon.colcon_core.shell:Creating package script '/home/yunfeibi/Ros_projects/ros2-randomly-generate-obstacles/install/velodyne_gazebo_plugins/share/velodyne_gazebo_plugins/package.ps1'
[13.175s] INFO:colcon.colcon_core.shell:Creating package descriptor '/home/yunfeibi/Ros_projects/ros2-randomly-generate-obstacles/install/velodyne_gazebo_plugins/share/velodyne_gazebo_plugins/package.dsv'
[13.176s] INFO:colcon.colcon_core.shell:Creating package script '/home/yunfeibi/Ros_projects/ros2-randomly-generate-obstacles/install/velodyne_gazebo_plugins/share/velodyne_gazebo_plugins/package.sh'
[13.176s] INFO:colcon.colcon_core.shell:Creating package script '/home/yunfeibi/Ros_projects/ros2-randomly-generate-obstacles/install/velodyne_gazebo_plugins/share/velodyne_gazebo_plugins/package.bash'
[13.176s] INFO:colcon.colcon_core.shell:Creating package script '/home/yunfeibi/Ros_projects/ros2-randomly-generate-obstacles/install/velodyne_gazebo_plugins/share/velodyne_gazebo_plugins/package.zsh'
[13.177s] Level 1:colcon.colcon_core.environment:create_file_with_runtime_dependencies(/home/yunfeibi/Ros_projects/ros2-randomly-generate-obstacles/install/velodyne_gazebo_plugins/share/colcon-core/packages/velodyne_gazebo_plugins)
[13.177s] INFO:colcon.colcon_ros.task.ament_cmake.build:Building ROS package in '/home/yunfeibi/Ros_projects/ros2-randomly-generate-obstacles/src/velodyne_simulator/velodyne_simulator' with build type 'ament_cmake'
[13.177s] INFO:colcon.colcon_cmake.task.cmake.build:Building CMake package in '/home/yunfeibi/Ros_projects/ros2-randomly-generate-obstacles/src/velodyne_simulator/velodyne_simulator'
[13.177s] INFO:colcon.colcon_core.shell:Skip shell extension 'powershell' for command environment: Not usable outside of PowerShell
[13.177s] DEBUG:colcon.colcon_core.shell:Skip shell extension 'dsv' for command environment
[13.189s] DEBUG:colcon.colcon_core.event_handler.log_command:Invoking command in '/home/yunfeibi/Ros_projects/ros2-randomly-generate-obstacles/build/velodyne_simulator': AMENT_PREFIX_PATH=/home/yunfeibi/Ros_projects/ros2-randomly-generate-obstacles/install/velodyne_gazebo_plugins:/home/yunfeibi/Ros_projects/ros2-randomly-generate-obstacles/install/velodyne_description:${AMENT_PREFIX_PATH} CMAKE_PREFIX_PATH=/home/yunfeibi/Ros_projects/ros2-randomly-generate-obstacles/install/velodyne_gazebo_plugins:/home/yunfeibi/Ros_projects/ros2-randomly-generate-obstacles/install/velodyne_description:/home/yunfeibi/Ros_projects/ros2-randomly-generate-obstacles/install/random_obs_map:/home/yunfeibi/Ros_projects/ros2-randomly-generate-obstacles/install/src:/opt/ros/rolling LD_LIBRARY_PATH=/home/yunfeibi/Ros_projects/ros2-randomly-generate-obstacles/install/velodyne_gazebo_plugins/lib:/home/yunfeibi/dev/grpc_install/lib:/usr/lib/x86_64-linux-gnu/gazebo-11/plugins:/opt/ros/rolling/opt/yaml_cpp_vendor/lib:/opt/ros/rolling/opt/rviz_ogre_vendor/lib:/opt/ros/rolling/lib/x86_64-linux-gnu:/opt/ros/rolling/lib:/home/yunfeibi/dev/grpc_install/lib /usr/bin/cmake /home/yunfeibi/Ros_projects/ros2-randomly-generate-obstacles/src/velodyne_simulator/velodyne_simulator -DCMAKE_INSTALL_PREFIX=/home/yunfeibi/Ros_projects/ros2-randomly-generate-obstacles/install/velodyne_simulator
[13.867s] DEBUG:colcon.colcon_core.event_handler.log_command:Invoked command in '/home/yunfeibi/Ros_projects/ros2-randomly-generate-obstacles/build/velodyne_simulator' returned '0': AMENT_PREFIX_PATH=/home/yunfeibi/Ros_projects/ros2-randomly-generate-obstacles/install/velodyne_gazebo_plugins:/home/yunfeibi/Ros_projects/ros2-randomly-generate-obstacles/install/velodyne_description:${AMENT_PREFIX_PATH} CMAKE_PREFIX_PATH=/home/yunfeibi/Ros_projects/ros2-randomly-generate-obstacles/install/velodyne_gazebo_plugins:/home/yunfeibi/Ros_projects/ros2-randomly-generate-obstacles/install/velodyne_description:/home/yunfeibi/Ros_projects/ros2-randomly-generate-obstacles/install/random_obs_map:/home/yunfeibi/Ros_projects/ros2-randomly-generate-obstacles/install/src:/opt/ros/rolling LD_LIBRARY_PATH=/home/yunfeibi/Ros_projects/ros2-randomly-generate-obstacles/install/velodyne_gazebo_plugins/lib:/home/yunfeibi/dev/grpc_install/lib:/usr/lib/x86_64-linux-gnu/gazebo-11/plugins:/opt/ros/rolling/opt/yaml_cpp_vendor/lib:/opt/ros/rolling/opt/rviz_ogre_vendor/lib:/opt/ros/rolling/lib/x86_64-linux-gnu:/opt/ros/rolling/lib:/home/yunfeibi/dev/grpc_install/lib /usr/bin/cmake /home/yunfeibi/Ros_projects/ros2-randomly-generate-obstacles/src/velodyne_simulator/velodyne_simulator -DCMAKE_INSTALL_PREFIX=/home/yunfeibi/Ros_projects/ros2-randomly-generate-obstacles/install/velodyne_simulator
[13.870s] DEBUG:colcon.colcon_core.event_handler.log_command:Invoking command in '/home/yunfeibi/Ros_projects/ros2-randomly-generate-obstacles/build/velodyne_simulator': AMENT_PREFIX_PATH=/home/yunfeibi/Ros_projects/ros2-randomly-generate-obstacles/install/velodyne_gazebo_plugins:/home/yunfeibi/Ros_projects/ros2-randomly-generate-obstacles/install/velodyne_description:${AMENT_PREFIX_PATH} CMAKE_PREFIX_PATH=/home/yunfeibi/Ros_projects/ros2-randomly-generate-obstacles/install/velodyne_gazebo_plugins:/home/yunfeibi/Ros_projects/ros2-randomly-generate-obstacles/install/velodyne_description:/home/yunfeibi/Ros_projects/ros2-randomly-generate-obstacles/install/random_obs_map:/home/yunfeibi/Ros_projects/ros2-randomly-generate-obstacles/install/src:/opt/ros/rolling LD_LIBRARY_PATH=/home/yunfeibi/Ros_projects/ros2-randomly-generate-obstacles/install/velodyne_gazebo_plugins/lib:/home/yunfeibi/dev/grpc_install/lib:/usr/lib/x86_64-linux-gnu/gazebo-11/plugins:/opt/ros/rolling/opt/yaml_cpp_vendor/lib:/opt/ros/rolling/opt/rviz_ogre_vendor/lib:/opt/ros/rolling/lib/x86_64-linux-gnu:/opt/ros/rolling/lib:/home/yunfeibi/dev/grpc_install/lib /usr/bin/cmake --build /home/yunfeibi/Ros_projects/ros2-randomly-generate-obstacles/build/velodyne_simulator -- -j12 -l12
[13.913s] DEBUG:colcon.colcon_core.event_handler.log_command:Invoked command in '/home/yunfeibi/Ros_projects/ros2-randomly-generate-obstacles/build/velodyne_simulator' returned '0': AMENT_PREFIX_PATH=/home/yunfeibi/Ros_projects/ros2-randomly-generate-obstacles/install/velodyne_gazebo_plugins:/home/yunfeibi/Ros_projects/ros2-randomly-generate-obstacles/install/velodyne_description:${AMENT_PREFIX_PATH} CMAKE_PREFIX_PATH=/home/yunfeibi/Ros_projects/ros2-randomly-generate-obstacles/install/velodyne_gazebo_plugins:/home/yunfeibi/Ros_projects/ros2-randomly-generate-obstacles/install/velodyne_description:/home/yunfeibi/Ros_projects/ros2-randomly-generate-obstacles/install/random_obs_map:/home/yunfeibi/Ros_projects/ros2-randomly-generate-obstacles/install/src:/opt/ros/rolling LD_LIBRARY_PATH=/home/yunfeibi/Ros_projects/ros2-randomly-generate-obstacles/install/velodyne_gazebo_plugins/lib:/home/yunfeibi/dev/grpc_install/lib:/usr/lib/x86_64-linux-gnu/gazebo-11/plugins:/opt/ros/rolling/opt/yaml_cpp_vendor/lib:/opt/ros/rolling/opt/rviz_ogre_vendor/lib:/opt/ros/rolling/lib/x86_64-linux-gnu:/opt/ros/rolling/lib:/home/yunfeibi/dev/grpc_install/lib /usr/bin/cmake --build /home/yunfeibi/Ros_projects/ros2-randomly-generate-obstacles/build/velodyne_simulator -- -j12 -l12
[13.916s] DEBUG:colcon.colcon_core.event_handler.log_command:Invoking command in '/home/yunfeibi/Ros_projects/ros2-randomly-generate-obstacles/build/velodyne_simulator': AMENT_PREFIX_PATH=/home/yunfeibi/Ros_projects/ros2-randomly-generate-obstacles/install/velodyne_gazebo_plugins:/home/yunfeibi/Ros_projects/ros2-randomly-generate-obstacles/install/velodyne_description:${AMENT_PREFIX_PATH} CMAKE_PREFIX_PATH=/home/yunfeibi/Ros_projects/ros2-randomly-generate-obstacles/install/velodyne_gazebo_plugins:/home/yunfeibi/Ros_projects/ros2-randomly-generate-obstacles/install/velodyne_description:/home/yunfeibi/Ros_projects/ros2-randomly-generate-obstacles/install/random_obs_map:/home/yunfeibi/Ros_projects/ros2-randomly-generate-obstacles/install/src:/opt/ros/rolling LD_LIBRARY_PATH=/home/yunfeibi/Ros_projects/ros2-randomly-generate-obstacles/install/velodyne_gazebo_plugins/lib:/home/yunfeibi/dev/grpc_install/lib:/usr/lib/x86_64-linux-gnu/gazebo-11/plugins:/opt/ros/rolling/opt/yaml_cpp_vendor/lib:/opt/ros/rolling/opt/rviz_ogre_vendor/lib:/opt/ros/rolling/lib/x86_64-linux-gnu:/opt/ros/rolling/lib:/home/yunfeibi/dev/grpc_install/lib /usr/bin/cmake --install /home/yunfeibi/Ros_projects/ros2-randomly-generate-obstacles/build/velodyne_simulator
[13.931s] Level 1:colcon.colcon_core.environment:create_environment_scripts_only(velodyne_simulator)
[13.931s] Level 1:colcon.colcon_core.environment:checking '/home/yunfeibi/Ros_projects/ros2-randomly-generate-obstacles/install/velodyne_simulator' for CMake module files
[13.932s] DEBUG:colcon.colcon_core.event_handler.log_command:Invoked command in '/home/yunfeibi/Ros_projects/ros2-randomly-generate-obstacles/build/velodyne_simulator' returned '0': AMENT_PREFIX_PATH=/home/yunfeibi/Ros_projects/ros2-randomly-generate-obstacles/install/velodyne_gazebo_plugins:/home/yunfeibi/Ros_projects/ros2-randomly-generate-obstacles/install/velodyne_description:${AMENT_PREFIX_PATH} CMAKE_PREFIX_PATH=/home/yunfeibi/Ros_projects/ros2-randomly-generate-obstacles/install/velodyne_gazebo_plugins:/home/yunfeibi/Ros_projects/ros2-randomly-generate-obstacles/install/velodyne_description:/home/yunfeibi/Ros_projects/ros2-randomly-generate-obstacles/install/random_obs_map:/home/yunfeibi/Ros_projects/ros2-randomly-generate-obstacles/install/src:/opt/ros/rolling LD_LIBRARY_PATH=/home/yunfeibi/Ros_projects/ros2-randomly-generate-obstacles/install/velodyne_gazebo_plugins/lib:/home/yunfeibi/dev/grpc_install/lib:/usr/lib/x86_64-linux-gnu/gazebo-11/plugins:/opt/ros/rolling/opt/yaml_cpp_vendor/lib:/opt/ros/rolling/opt/rviz_ogre_vendor/lib:/opt/ros/rolling/lib/x86_64-linux-gnu:/opt/ros/rolling/lib:/home/yunfeibi/dev/grpc_install/lib /usr/bin/cmake --install /home/yunfeibi/Ros_projects/ros2-randomly-generate-obstacles/build/velodyne_simulator
[13.932s] Level 1:colcon.colcon_core.environment:checking '/home/yunfeibi/Ros_projects/ros2-randomly-generate-obstacles/install/velodyne_simulator' for CMake config files
[13.932s] Level 1:colcon.colcon_core.shell:create_environment_hook('velodyne_simulator', 'cmake_prefix_path')
[13.932s] INFO:colcon.colcon_core.shell:Creating environment hook '/home/yunfeibi/Ros_projects/ros2-randomly-generate-obstacles/install/velodyne_simulator/share/velodyne_simulator/hook/cmake_prefix_path.ps1'
[13.933s] INFO:colcon.colcon_core.shell:Creating environment descriptor '/home/yunfeibi/Ros_projects/ros2-randomly-generate-obstacles/install/velodyne_simulator/share/velodyne_simulator/hook/cmake_prefix_path.dsv'
[13.933s] INFO:colcon.colcon_core.shell:Creating environment hook '/home/yunfeibi/Ros_projects/ros2-randomly-generate-obstacles/install/velodyne_simulator/share/velodyne_simulator/hook/cmake_prefix_path.sh'
[13.934s] Level 1:colcon.colcon_core.environment:checking '/home/yunfeibi/Ros_projects/ros2-randomly-generate-obstacles/install/velodyne_simulator/bin'
[13.934s] Level 1:colcon.colcon_core.environment:checking '/home/yunfeibi/Ros_projects/ros2-randomly-generate-obstacles/install/velodyne_simulator/lib/pkgconfig/velodyne_simulator.pc'
[13.934s] Level 1:colcon.colcon_core.environment:checking '/home/yunfeibi/Ros_projects/ros2-randomly-generate-obstacles/install/velodyne_simulator/lib/python3.8/site-packages'
[13.934s] Level 1:colcon.colcon_core.environment:checking '/home/yunfeibi/Ros_projects/ros2-randomly-generate-obstacles/install/velodyne_simulator/bin'
[13.934s] INFO:colcon.colcon_core.shell:Creating package script '/home/yunfeibi/Ros_projects/ros2-randomly-generate-obstacles/install/velodyne_simulator/share/velodyne_simulator/package.ps1'
[13.935s] INFO:colcon.colcon_core.shell:Creating package descriptor '/home/yunfeibi/Ros_projects/ros2-randomly-generate-obstacles/install/velodyne_simulator/share/velodyne_simulator/package.dsv'
[13.935s] INFO:colcon.colcon_core.shell:Creating package script '/home/yunfeibi/Ros_projects/ros2-randomly-generate-obstacles/install/velodyne_simulator/share/velodyne_simulator/package.sh'
[13.935s] INFO:colcon.colcon_core.shell:Creating package script '/home/yunfeibi/Ros_projects/ros2-randomly-generate-obstacles/install/velodyne_simulator/share/velodyne_simulator/package.bash'
[13.936s] INFO:colcon.colcon_core.shell:Creating package script '/home/yunfeibi/Ros_projects/ros2-randomly-generate-obstacles/install/velodyne_simulator/share/velodyne_simulator/package.zsh'
[13.936s] Level 1:colcon.colcon_core.environment:create_file_with_runtime_dependencies(/home/yunfeibi/Ros_projects/ros2-randomly-generate-obstacles/install/velodyne_simulator/share/colcon-core/packages/velodyne_simulator)
[13.937s] Level 1:colcon.colcon_core.environment:create_environment_scripts_only(velodyne_simulator)
[13.937s] Level 1:colcon.colcon_core.environment:checking '/home/yunfeibi/Ros_projects/ros2-randomly-generate-obstacles/install/velodyne_simulator' for CMake module files
[13.937s] Level 1:colcon.colcon_core.environment:checking '/home/yunfeibi/Ros_projects/ros2-randomly-generate-obstacles/install/velodyne_simulator' for CMake config files
[13.937s] Level 1:colcon.colcon_core.shell:create_environment_hook('velodyne_simulator', 'cmake_prefix_path')
[13.937s] INFO:colcon.colcon_core.shell:Creating environment hook '/home/yunfeibi/Ros_projects/ros2-randomly-generate-obstacles/install/velodyne_simulator/share/velodyne_simulator/hook/cmake_prefix_path.ps1'
[13.938s] INFO:colcon.colcon_core.shell:Creating environment descriptor '/home/yunfeibi/Ros_projects/ros2-randomly-generate-obstacles/install/velodyne_simulator/share/velodyne_simulator/hook/cmake_prefix_path.dsv'
[13.938s] INFO:colcon.colcon_core.shell:Creating environment hook '/home/yunfeibi/Ros_projects/ros2-randomly-generate-obstacles/install/velodyne_simulator/share/velodyne_simulator/hook/cmake_prefix_path.sh'
[13.939s] Level 1:colcon.colcon_core.environment:checking '/home/yunfeibi/Ros_projects/ros2-randomly-generate-obstacles/install/velodyne_simulator/bin'
[13.939s] Level 1:colcon.colcon_core.environment:checking '/home/yunfeibi/Ros_projects/ros2-randomly-generate-obstacles/install/velodyne_simulator/lib/pkgconfig/velodyne_simulator.pc'
[13.939s] Level 1:colcon.colcon_core.environment:checking '/home/yunfeibi/Ros_projects/ros2-randomly-generate-obstacles/install/velodyne_simulator/lib/python3.8/site-packages'
[13.939s] Level 1:colcon.colcon_core.environment:checking '/home/yunfeibi/Ros_projects/ros2-randomly-generate-obstacles/install/velodyne_simulator/bin'
[13.939s] INFO:colcon.colcon_core.shell:Creating package script '/home/yunfeibi/Ros_projects/ros2-randomly-generate-obstacles/install/velodyne_simulator/share/velodyne_simulator/package.ps1'
[13.940s] INFO:colcon.colcon_core.shell:Creating package descriptor '/home/yunfeibi/Ros_projects/ros2-randomly-generate-obstacles/install/velodyne_simulator/share/velodyne_simulator/package.dsv'
[13.940s] INFO:colcon.colcon_core.shell:Creating package script '/home/yunfeibi/Ros_projects/ros2-randomly-generate-obstacles/install/velodyne_simulator/share/velodyne_simulator/package.sh'
[13.940s] INFO:colcon.colcon_core.shell:Creating package script '/home/yunfeibi/Ros_projects/ros2-randomly-generate-obstacles/install/velodyne_simulator/share/velodyne_simulator/package.bash'
[13.941s] INFO:colcon.colcon_core.shell:Creating package script '/home/yunfeibi/Ros_projects/ros2-randomly-generate-obstacles/install/velodyne_simulator/share/velodyne_simulator/package.zsh'
[13.941s] Level 1:colcon.colcon_core.environment:create_file_with_runtime_dependencies(/home/yunfeibi/Ros_projects/ros2-randomly-generate-obstacles/install/velodyne_simulator/share/colcon-core/packages/velodyne_simulator)
[13.941s] DEBUG:colcon.colcon_parallel_executor.executor.parallel:closing loop
[13.942s] DEBUG:colcon.colcon_parallel_executor.executor.parallel:loop closed
[13.942s] DEBUG:colcon.colcon_parallel_executor.executor.parallel:run_until_complete finished with '0'
[13.942s] DEBUG:colcon.colcon_core.event_reactor:joining thread
[13.946s] INFO:colcon.colcon_core.plugin_system:Skipping extension 'colcon_notification.desktop_notification.terminal_notifier': Not used on non-Darwin systems
[13.946s] INFO:colcon.colcon_core.plugin_system:Skipping extension 'colcon_notification.desktop_notification.win32': Not used on non-Windows systems
[13.946s] INFO:colcon.colcon_notification.desktop_notification:Sending desktop notification using 'notify2'
[13.960s] DEBUG:colcon.colcon_core.event_reactor:joined thread
[13.961s] INFO:colcon.colcon_core.shell:Creating prefix script '/home/yunfeibi/Ros_projects/ros2-randomly-generate-obstacles/install/local_setup.ps1'
[13.961s] INFO:colcon.colcon_core.shell:Creating prefix util module '/home/yunfeibi/Ros_projects/ros2-randomly-generate-obstacles/install/_local_setup_util_ps1.py'
[13.962s] INFO:colcon.colcon_core.shell:Creating prefix chain script '/home/yunfeibi/Ros_projects/ros2-randomly-generate-obstacles/install/setup.ps1'
[13.963s] INFO:colcon.colcon_core.shell:Creating prefix script '/home/yunfeibi/Ros_projects/ros2-randomly-generate-obstacles/install/local_setup.sh'
[13.963s] INFO:colcon.colcon_core.shell:Creating prefix util module '/home/yunfeibi/Ros_projects/ros2-randomly-generate-obstacles/install/_local_setup_util_sh.py'
[13.964s] INFO:colcon.colcon_core.shell:Creating prefix chain script '/home/yunfeibi/Ros_projects/ros2-randomly-generate-obstacles/install/setup.sh'
[13.964s] INFO:colcon.colcon_core.shell:Creating prefix script '/home/yunfeibi/Ros_projects/ros2-randomly-generate-obstacles/install/local_setup.bash'
[13.965s] INFO:colcon.colcon_core.shell:Creating prefix chain script '/home/yunfeibi/Ros_projects/ros2-randomly-generate-obstacles/install/setup.bash'
[13.965s] INFO:colcon.colcon_core.shell:Creating prefix script '/home/yunfeibi/Ros_projects/ros2-randomly-generate-obstacles/install/local_setup.zsh'
[13.966s] INFO:colcon.colcon_core.shell:Creating prefix chain script '/home/yunfeibi/Ros_projects/ros2-randomly-generate-obstacles/install/setup.zsh'
