[0.010s] Invoking command in '/home/yunfeibi/Ros_projects/ros2-randomly-generate-obstacles/build/velodyne_simulator': AMENT_PREFIX_PATH=/home/yunfeibi/Ros_projects/ros2-randomly-generate-obstacles/install/velodyne_gazebo_plugins:/home/yunfeibi/Ros_projects/ros2-randomly-generate-obstacles/install/velodyne_description:${AMENT_PREFIX_PATH} CMAKE_PREFIX_PATH=/home/yunfeibi/Ros_projects/ros2-randomly-generate-obstacles/install/velodyne_gazebo_plugins:/home/yunfeibi/Ros_projects/ros2-randomly-generate-obstacles/install/velodyne_description:/home/yunfeibi/Ros_projects/ros2-randomly-generate-obstacles/install/random_obs_map:/home/yunfeibi/Ros_projects/ros2-randomly-generate-obstacles/install/src:/opt/ros/rolling LD_LIBRARY_PATH=/home/yunfeibi/Ros_projects/ros2-randomly-generate-obstacles/install/velodyne_gazebo_plugins/lib:/home/yunfeibi/dev/grpc_install/lib:/usr/lib/x86_64-linux-gnu/gazebo-11/plugins:/opt/ros/rolling/opt/yaml_cpp_vendor/lib:/opt/ros/rolling/opt/rviz_ogre_vendor/lib:/opt/ros/rolling/lib/x86_64-linux-gnu:/opt/ros/rolling/lib:/home/yunfeibi/dev/grpc_install/lib /usr/bin/cmake /home/yunfeibi/Ros_projects/ros2-randomly-generate-obstacles/src/velodyne_simulator/velodyne_simulator -DCMAKE_INSTALL_PREFIX=/home/yunfeibi/Ros_projects/ros2-randomly-generate-obstacles/install/velodyne_simulator
[0.063s] -- The C compiler identification is GNU 9.4.0
[0.115s] -- The CXX compiler identification is GNU 9.4.0
[0.120s] -- Check for working C compiler: /usr/bin/cc
[0.189s] -- Check for working C compiler: /usr/bin/cc -- works
[0.189s] -- Detecting C compiler ABI info
[0.264s] -- Detecting C compiler ABI info - done
[0.274s] -- Detecting C compile features
[0.274s] -- Detecting C compile features - done
[0.276s] -- Check for working CXX compiler: /usr/bin/c++
[0.358s] -- Check for working CXX compiler: /usr/bin/c++ -- works
[0.359s] -- Detecting CXX compiler ABI info
[0.435s] -- Detecting CXX compiler ABI info - done
[0.444s] -- Detecting CXX compile features
[0.444s] -- Detecting CXX compile features - done
[0.448s] -- Found ament_cmake: 1.2.1 (/opt/ros/rolling/share/ament_cmake/cmake)
[0.561s] -- Found Python3: /usr/bin/python3.8 (found version "3.8.10") found components: Interpreter 
[0.629s] -- Found ament_lint_auto: 0.11.4 (/opt/ros/rolling/share/ament_lint_auto/cmake)
[0.681s] -- Configuring done
[0.684s] -- Generating done
[0.686s] -- Build files have been written to: /home/yunfeibi/Ros_projects/ros2-randomly-generate-obstacles/build/velodyne_simulator
[0.689s] Invoked command in '/home/yunfeibi/Ros_projects/ros2-randomly-generate-obstacles/build/velodyne_simulator' returned '0': AMENT_PREFIX_PATH=/home/yunfeibi/Ros_projects/ros2-randomly-generate-obstacles/install/velodyne_gazebo_plugins:/home/yunfeibi/Ros_projects/ros2-randomly-generate-obstacles/install/velodyne_description:${AMENT_PREFIX_PATH} CMAKE_PREFIX_PATH=/home/yunfeibi/Ros_projects/ros2-randomly-generate-obstacles/install/velodyne_gazebo_plugins:/home/yunfeibi/Ros_projects/ros2-randomly-generate-obstacles/install/velodyne_description:/home/yunfeibi/Ros_projects/ros2-randomly-generate-obstacles/install/random_obs_map:/home/yunfeibi/Ros_projects/ros2-randomly-generate-obstacles/install/src:/opt/ros/rolling LD_LIBRARY_PATH=/home/yunfeibi/Ros_projects/ros2-randomly-generate-obstacles/install/velodyne_gazebo_plugins/lib:/home/yunfeibi/dev/grpc_install/lib:/usr/lib/x86_64-linux-gnu/gazebo-11/plugins:/opt/ros/rolling/opt/yaml_cpp_vendor/lib:/opt/ros/rolling/opt/rviz_ogre_vendor/lib:/opt/ros/rolling/lib/x86_64-linux-gnu:/opt/ros/rolling/lib:/home/yunfeibi/dev/grpc_install/lib /usr/bin/cmake /home/yunfeibi/Ros_projects/ros2-randomly-generate-obstacles/src/velodyne_simulator/velodyne_simulator -DCMAKE_INSTALL_PREFIX=/home/yunfeibi/Ros_projects/ros2-randomly-generate-obstacles/install/velodyne_simulator
[0.692s] Invoking command in '/home/yunfeibi/Ros_projects/ros2-randomly-generate-obstacles/build/velodyne_simulator': AMENT_PREFIX_PATH=/home/yunfeibi/Ros_projects/ros2-randomly-generate-obstacles/install/velodyne_gazebo_plugins:/home/yunfeibi/Ros_projects/ros2-randomly-generate-obstacles/install/velodyne_description:${AMENT_PREFIX_PATH} CMAKE_PREFIX_PATH=/home/yunfeibi/Ros_projects/ros2-randomly-generate-obstacles/install/velodyne_gazebo_plugins:/home/yunfeibi/Ros_projects/ros2-randomly-generate-obstacles/install/velodyne_description:/home/yunfeibi/Ros_projects/ros2-randomly-generate-obstacles/install/random_obs_map:/home/yunfeibi/Ros_projects/ros2-randomly-generate-obstacles/install/src:/opt/ros/rolling LD_LIBRARY_PATH=/home/yunfeibi/Ros_projects/ros2-randomly-generate-obstacles/install/velodyne_gazebo_plugins/lib:/home/yunfeibi/dev/grpc_install/lib:/usr/lib/x86_64-linux-gnu/gazebo-11/plugins:/opt/ros/rolling/opt/yaml_cpp_vendor/lib:/opt/ros/rolling/opt/rviz_ogre_vendor/lib:/opt/ros/rolling/lib/x86_64-linux-gnu:/opt/ros/rolling/lib:/home/yunfeibi/dev/grpc_install/lib /usr/bin/cmake --build /home/yunfeibi/Ros_projects/ros2-randomly-generate-obstacles/build/velodyne_simulator -- -j12 -l12
[0.735s] Invoked command in '/home/yunfeibi/Ros_projects/ros2-randomly-generate-obstacles/build/velodyne_simulator' returned '0': AMENT_PREFIX_PATH=/home/yunfeibi/Ros_projects/ros2-randomly-generate-obstacles/install/velodyne_gazebo_plugins:/home/yunfeibi/Ros_projects/ros2-randomly-generate-obstacles/install/velodyne_description:${AMENT_PREFIX_PATH} CMAKE_PREFIX_PATH=/home/yunfeibi/Ros_projects/ros2-randomly-generate-obstacles/install/velodyne_gazebo_plugins:/home/yunfeibi/Ros_projects/ros2-randomly-generate-obstacles/install/velodyne_description:/home/yunfeibi/Ros_projects/ros2-randomly-generate-obstacles/install/random_obs_map:/home/yunfeibi/Ros_projects/ros2-randomly-generate-obstacles/install/src:/opt/ros/rolling LD_LIBRARY_PATH=/home/yunfeibi/Ros_projects/ros2-randomly-generate-obstacles/install/velodyne_gazebo_plugins/lib:/home/yunfeibi/dev/grpc_install/lib:/usr/lib/x86_64-linux-gnu/gazebo-11/plugins:/opt/ros/rolling/opt/yaml_cpp_vendor/lib:/opt/ros/rolling/opt/rviz_ogre_vendor/lib:/opt/ros/rolling/lib/x86_64-linux-gnu:/opt/ros/rolling/lib:/home/yunfeibi/dev/grpc_install/lib /usr/bin/cmake --build /home/yunfeibi/Ros_projects/ros2-randomly-generate-obstacles/build/velodyne_simulator -- -j12 -l12
[0.737s] Invoking command in '/home/yunfeibi/Ros_projects/ros2-randomly-generate-obstacles/build/velodyne_simulator': AMENT_PREFIX_PATH=/home/yunfeibi/Ros_projects/ros2-randomly-generate-obstacles/install/velodyne_gazebo_plugins:/home/yunfeibi/Ros_projects/ros2-randomly-generate-obstacles/install/velodyne_description:${AMENT_PREFIX_PATH} CMAKE_PREFIX_PATH=/home/yunfeibi/Ros_projects/ros2-randomly-generate-obstacles/install/velodyne_gazebo_plugins:/home/yunfeibi/Ros_projects/ros2-randomly-generate-obstacles/install/velodyne_description:/home/yunfeibi/Ros_projects/ros2-randomly-generate-obstacles/install/random_obs_map:/home/yunfeibi/Ros_projects/ros2-randomly-generate-obstacles/install/src:/opt/ros/rolling LD_LIBRARY_PATH=/home/yunfeibi/Ros_projects/ros2-randomly-generate-obstacles/install/velodyne_gazebo_plugins/lib:/home/yunfeibi/dev/grpc_install/lib:/usr/lib/x86_64-linux-gnu/gazebo-11/plugins:/opt/ros/rolling/opt/yaml_cpp_vendor/lib:/opt/ros/rolling/opt/rviz_ogre_vendor/lib:/opt/ros/rolling/lib/x86_64-linux-gnu:/opt/ros/rolling/lib:/home/yunfeibi/dev/grpc_install/lib /usr/bin/cmake --install /home/yunfeibi/Ros_projects/ros2-randomly-generate-obstacles/build/velodyne_simulator
[0.748s] -- Install configuration: ""
[0.748s] -- Installing: /home/yunfeibi/Ros_projects/ros2-randomly-generate-obstacles/install/velodyne_simulator/share/ament_index/resource_index/package_run_dependencies/velodyne_simulator
[0.749s] -- Installing: /home/yunfeibi/Ros_projects/ros2-randomly-generate-obstacles/install/velodyne_simulator/share/ament_index/resource_index/parent_prefix_path/velodyne_simulator
[0.749s] -- Installing: /home/yunfeibi/Ros_projects/ros2-randomly-generate-obstacles/install/velodyne_simulator/share/velodyne_simulator/environment/ament_prefix_path.sh
[0.749s] -- Installing: /home/yunfeibi/Ros_projects/ros2-randomly-generate-obstacles/install/velodyne_simulator/share/velodyne_simulator/environment/ament_prefix_path.dsv
[0.749s] -- Installing: /home/yunfeibi/Ros_projects/ros2-randomly-generate-obstacles/install/velodyne_simulator/share/velodyne_simulator/environment/path.sh
[0.750s] -- Installing: /home/yunfeibi/Ros_projects/ros2-randomly-generate-obstacles/install/velodyne_simulator/share/velodyne_simulator/environment/path.dsv
[0.750s] -- Installing: /home/yunfeibi/Ros_projects/ros2-randomly-generate-obstacles/install/velodyne_simulator/share/velodyne_simulator/local_setup.bash
[0.750s] -- Installing: /home/yunfeibi/Ros_projects/ros2-randomly-generate-obstacles/install/velodyne_simulator/share/velodyne_simulator/local_setup.sh
[0.750s] -- Installing: /home/yunfeibi/Ros_projects/ros2-randomly-generate-obstacles/install/velodyne_simulator/share/velodyne_simulator/local_setup.zsh
[0.750s] -- Installing: /home/yunfeibi/Ros_projects/ros2-randomly-generate-obstacles/install/velodyne_simulator/share/velodyne_simulator/local_setup.dsv
[0.750s] -- Installing: /home/yunfeibi/Ros_projects/ros2-randomly-generate-obstacles/install/velodyne_simulator/share/velodyne_simulator/package.dsv
[0.751s] -- Installing: /home/yunfeibi/Ros_projects/ros2-randomly-generate-obstacles/install/velodyne_simulator/share/ament_index/resource_index/packages/velodyne_simulator
[0.751s] -- Installing: /home/yunfeibi/Ros_projects/ros2-randomly-generate-obstacles/install/velodyne_simulator/share/velodyne_simulator/cmake/velodyne_simulatorConfig.cmake
[0.751s] -- Installing: /home/yunfeibi/Ros_projects/ros2-randomly-generate-obstacles/install/velodyne_simulator/share/velodyne_simulator/cmake/velodyne_simulatorConfig-version.cmake
[0.751s] -- Installing: /home/yunfeibi/Ros_projects/ros2-randomly-generate-obstacles/install/velodyne_simulator/share/velodyne_simulator/package.xml
[0.754s] Invoked command in '/home/yunfeibi/Ros_projects/ros2-randomly-generate-obstacles/build/velodyne_simulator' returned '0': AMENT_PREFIX_PATH=/home/yunfeibi/Ros_projects/ros2-randomly-generate-obstacles/install/velodyne_gazebo_plugins:/home/yunfeibi/Ros_projects/ros2-randomly-generate-obstacles/install/velodyne_description:${AMENT_PREFIX_PATH} CMAKE_PREFIX_PATH=/home/yunfeibi/Ros_projects/ros2-randomly-generate-obstacles/install/velodyne_gazebo_plugins:/home/yunfeibi/Ros_projects/ros2-randomly-generate-obstacles/install/velodyne_description:/home/yunfeibi/Ros_projects/ros2-randomly-generate-obstacles/install/random_obs_map:/home/yunfeibi/Ros_projects/ros2-randomly-generate-obstacles/install/src:/opt/ros/rolling LD_LIBRARY_PATH=/home/yunfeibi/Ros_projects/ros2-randomly-generate-obstacles/install/velodyne_gazebo_plugins/lib:/home/yunfeibi/dev/grpc_install/lib:/usr/lib/x86_64-linux-gnu/gazebo-11/plugins:/opt/ros/rolling/opt/yaml_cpp_vendor/lib:/opt/ros/rolling/opt/rviz_ogre_vendor/lib:/opt/ros/rolling/lib/x86_64-linux-gnu:/opt/ros/rolling/lib:/home/yunfeibi/dev/grpc_install/lib /usr/bin/cmake --install /home/yunfeibi/Ros_projects/ros2-randomly-generate-obstacles/build/velodyne_simulator
