[0.500s] Invoking command in '/home/yunfeibi/Ros_projects/ros2-randomly-generate-obstacles/src/random_obs_map': PYTHONPATH=/home/yunfeibi/Ros_projects/ros2-randomly-generate-obstacles/build/random_obs_map/prefix_override:/usr/lib/python3/dist-packages/colcon_core/task/python/colcon_distutils_commands:/home/yunfeibi/Ros_projects/ros2-randomly-generate-obstacles/install/random_obs_map/lib/python3.8/site-packages:${PYTHONPATH} /usr/bin/python3 -W ignore:setup.py install is deprecated -W ignore:easy_install command is deprecated setup.py egg_info --egg-base ../../build/random_obs_map build --build-base /home/yunfeibi/Ros_projects/ros2-randomly-generate-obstacles/build/random_obs_map/build install --record /home/yunfeibi/Ros_projects/ros2-randomly-generate-obstacles/build/random_obs_map/install.log --single-version-externally-managed install_data
[0.657s] running egg_info
[0.657s] writing ../../build/random_obs_map/random_obs_map.egg-info/PKG-INFO
[0.658s] writing dependency_links to ../../build/random_obs_map/random_obs_map.egg-info/dependency_links.txt
[0.658s] writing entry points to ../../build/random_obs_map/random_obs_map.egg-info/entry_points.txt
[0.658s] writing requirements to ../../build/random_obs_map/random_obs_map.egg-info/requires.txt
[0.658s] writing top-level names to ../../build/random_obs_map/random_obs_map.egg-info/top_level.txt
[0.687s] reading manifest file '../../build/random_obs_map/random_obs_map.egg-info/SOURCES.txt'
[0.688s] writing manifest file '../../build/random_obs_map/random_obs_map.egg-info/SOURCES.txt'
[0.688s] running build
[0.688s] running build_py
[0.688s] running install
[0.688s] running install_lib
[0.689s] running install_data
[0.690s] running install_egg_info
[0.691s] removing '/home/yunfeibi/Ros_projects/ros2-randomly-generate-obstacles/install/random_obs_map/lib/python3.8/site-packages/random_obs_map-0.0.0-py3.8.egg-info' (and everything under it)
[0.691s] Copying ../../build/random_obs_map/random_obs_map.egg-info to /home/yunfeibi/Ros_projects/ros2-randomly-generate-obstacles/install/random_obs_map/lib/python3.8/site-packages/random_obs_map-0.0.0-py3.8.egg-info
[0.692s] running install_scripts
[0.704s] Installing generate script to /home/yunfeibi/Ros_projects/ros2-randomly-generate-obstacles/install/random_obs_map/lib/random_obs_map
[0.704s] writing list of installed files to '/home/yunfeibi/Ros_projects/ros2-randomly-generate-obstacles/build/random_obs_map/install.log'
[0.719s] Invoked command in '/home/yunfeibi/Ros_projects/ros2-randomly-generate-obstacles/src/random_obs_map' returned '0': PYTHONPATH=/home/yunfeibi/Ros_projects/ros2-randomly-generate-obstacles/build/random_obs_map/prefix_override:/usr/lib/python3/dist-packages/colcon_core/task/python/colcon_distutils_commands:/home/yunfeibi/Ros_projects/ros2-randomly-generate-obstacles/install/random_obs_map/lib/python3.8/site-packages:${PYTHONPATH} /usr/bin/python3 -W ignore:setup.py install is deprecated -W ignore:easy_install command is deprecated setup.py egg_info --egg-base ../../build/random_obs_map build --build-base /home/yunfeibi/Ros_projects/ros2-randomly-generate-obstacles/build/random_obs_map/build install --record /home/yunfeibi/Ros_projects/ros2-randomly-generate-obstacles/build/random_obs_map/install.log --single-version-externally-managed install_data
