[0.019s] Invoking command in '/home/yunfeibi/Ros_projects/ros2-randomly-generate-obstacles/build/velodyne_description': CMAKE_PREFIX_PATH=/home/yunfeibi/Ros_projects/ros2-randomly-generate-obstacles/install/random_obs_map:/home/yunfeibi/Ros_projects/ros2-randomly-generate-obstacles/install/src:/opt/ros/rolling /usr/bin/cmake /home/yunfeibi/Ros_projects/ros2-randomly-generate-obstacles/src/velodyne_simulator/velodyne_description -DCMAKE_INSTALL_PREFIX=/home/yunfeibi/Ros_projects/ros2-randomly-generate-obstacles/install/velodyne_description
[0.071s] -- The C compiler identification is GNU 9.4.0
[0.115s] -- The CXX compiler identification is GNU 9.4.0
[0.119s] -- Check for working C compiler: /usr/bin/cc
[0.183s] -- Check for working C compiler: /usr/bin/cc -- works
[0.184s] -- Detecting C compiler ABI info
[0.246s] -- Detecting C compiler ABI info - done
[0.256s] -- Detecting C compile features
[0.257s] -- Detecting C compile features - done
[0.259s] -- Check for working CXX compiler: /usr/bin/c++
[0.327s] -- Check for working CXX compiler: /usr/bin/c++ -- works
[0.328s] -- Detecting CXX compiler ABI info
[0.398s] -- Detecting CXX compiler ABI info - done
[0.408s] -- Detecting CXX compile features
[0.409s] -- Detecting CXX compile features - done
[0.411s] -- Found ament_cmake: 1.2.1 (/opt/ros/rolling/share/ament_cmake/cmake)
[0.518s] -- Found Python3: /usr/bin/python3.8 (found version "3.8.10") found components: Interpreter 
[0.584s] -- Found PkgConfig: /usr/bin/pkg-config (found version "0.29.1") 
[0.588s] -- Checking for module 'bullet>=2.82'
[0.606s] --   Found bullet, version 2.88
[0.757s] -- Found ccd: /usr/include (found suitable version "2.0", minimum required is "2.0") 
[0.841s] -- Found fcl: /usr/include (found suitable version "0.5.0", minimum required is "0.3.2") 
[0.924s] -- Found assimp: /usr/include (found version "5.0.0") 
[0.943s] -- Found DART: /usr/include (Required is at least version "6.6") found components: dart 
[1.262s] -- Found Boost: /usr/lib/x86_64-linux-gnu/cmake/Boost-1.71.0/BoostConfig.cmake (found suitable version "1.71.0", minimum required is "1.40.0") found components: thread system filesystem program_options regex iostreams date_time 
[1.279s] -- Found Protobuf: /usr/lib/x86_64-linux-gnu/libprotobuf.so;-lpthread (found version "3.6.1") 
[1.284s] -- Looking for ignition-math6 -- found version 6.15.1
[1.290s] -- Searching for dependencies of ignition-math6
[1.291s] -- Looking for OGRE...
[1.292s] -- OGRE_PREFIX_WATCH changed.
[1.296s] -- Checking for module 'OGRE'
[1.318s] --   Found OGRE, version 1.9.0
[1.386s] -- Found Ogre Ghadamon (1.9.0)
[1.396s] -- Found OGRE: optimized;/usr/lib/x86_64-linux-gnu/libOgreMain.so;debug;/usr/lib/x86_64-linux-gnu/libOgreMain.so
[1.404s] -- Looking for OGRE_Paging...
[1.408s] -- Found OGRE_Paging: optimized;/usr/lib/x86_64-linux-gnu/libOgrePaging.so;debug;/usr/lib/x86_64-linux-gnu/libOgrePaging.so
[1.408s] -- Looking for OGRE_Terrain...
[1.413s] -- Found OGRE_Terrain: optimized;/usr/lib/x86_64-linux-gnu/libOgreTerrain.so;debug;/usr/lib/x86_64-linux-gnu/libOgreTerrain.so
[1.413s] -- Looking for OGRE_Property...
[1.418s] -- Found OGRE_Property: optimized;/usr/lib/x86_64-linux-gnu/libOgreProperty.so;debug;/usr/lib/x86_64-linux-gnu/libOgreProperty.so
[1.418s] -- Looking for OGRE_RTShaderSystem...
[1.423s] -- Found OGRE_RTShaderSystem: optimized;/usr/lib/x86_64-linux-gnu/libOgreRTShaderSystem.so;debug;/usr/lib/x86_64-linux-gnu/libOgreRTShaderSystem.so
[1.423s] -- Looking for OGRE_Volume...
[1.428s] -- Found OGRE_Volume: optimized;/usr/lib/x86_64-linux-gnu/libOgreVolume.so;debug;/usr/lib/x86_64-linux-gnu/libOgreVolume.so
[1.428s] -- Looking for OGRE_Overlay...
[1.432s] -- Found OGRE_Overlay: optimized;/usr/lib/x86_64-linux-gnu/libOgreOverlay.so;debug;/usr/lib/x86_64-linux-gnu/libOgreOverlay.so
[1.529s] -- Looking for ignition-math6 -- found version 6.15.1
[1.531s] -- Looking for ignition-transport8 -- found version 8.5.0
[1.531s] -- Searching for dependencies of ignition-transport8
[1.561s] -- Config-file not installed for ZeroMQ -- checking for pkg-config
[1.565s] -- Checking for module 'libzmq >= 4'
[1.587s] --   Found libzmq , version 4.3.2
[1.655s] -- Found ZeroMQ: TRUE (Required is at least version "4") 
[1.661s] -- Checking for module 'uuid'
[1.681s] --   Found uuid, version 2.34.0
[1.749s] -- Found UUID: TRUE  
[1.752s] -- Looking for ignition-msgs5 -- found version 5.11.0
[1.753s] -- Searching for dependencies of ignition-msgs5
[1.773s] -- Found Protobuf: /usr/lib/x86_64-linux-gnu/libprotobuf.so;-lpthread (found suitable version "3.6.1", minimum required is "3") 
[1.774s] -- Looking for ignition-math6 -- found version 6.15.1
[1.778s] -- Checking for module 'tinyxml2'
[1.801s] --   Found tinyxml2, version 6.2.0
[1.863s] -- Looking for ignition-msgs5 -- found version 5.11.0
[1.866s] -- Looking for ignition-common3 -- found version 3.17.0
[1.867s] -- Searching for dependencies of ignition-common3
[1.868s] -- Looking for dlfcn.h - found
[1.869s] -- Looking for libdl - found
[1.870s] -- Found DL: TRUE  
[1.877s] -- Searching for <ignition-common3> component [graphics]
[1.878s] -- Looking for ignition-common3-graphics -- found version 3.17.0
[1.879s] -- Searching for dependencies of ignition-common3-graphics
[1.879s] -- Looking for ignition-math6 -- found version 6.15.1
[1.881s] -- Looking for ignition-fuel_tools4 -- found version 4.9.1
[1.881s] -- Searching for dependencies of ignition-fuel_tools4
[1.989s] -- Found CURL: /usr/lib/x86_64-linux-gnu/libcurl.so (found version "7.68.0")  
[1.997s] -- Checking for module 'jsoncpp'
[2.020s] --   Found jsoncpp, version 1.7.4
[2.080s] -- Found JSONCPP: TRUE  
[2.086s] -- Checking for module 'libzip'
[2.108s] --   Found libzip, version 1.5.1
[2.169s] -- Found ZIP: TRUE  
[2.169s] -- Looking for ignition-common3 -- found version 3.17.0
[2.170s] -- Looking for ignition-math6 -- found version 6.15.1
[2.171s] -- Looking for ignition-msgs5 -- found version 5.11.0
[2.174s] -- Found gazebo_ros_pkgs: 3.5.2 (/opt/ros/rolling/share/gazebo_ros_pkgs/cmake)
[2.223s] -- Configuring done
[2.226s] -- Generating done
[2.228s] -- Build files have been written to: /home/yunfeibi/Ros_projects/ros2-randomly-generate-obstacles/build/velodyne_description
[2.235s] Invoked command in '/home/yunfeibi/Ros_projects/ros2-randomly-generate-obstacles/build/velodyne_description' returned '0': CMAKE_PREFIX_PATH=/home/yunfeibi/Ros_projects/ros2-randomly-generate-obstacles/install/random_obs_map:/home/yunfeibi/Ros_projects/ros2-randomly-generate-obstacles/install/src:/opt/ros/rolling /usr/bin/cmake /home/yunfeibi/Ros_projects/ros2-randomly-generate-obstacles/src/velodyne_simulator/velodyne_description -DCMAKE_INSTALL_PREFIX=/home/yunfeibi/Ros_projects/ros2-randomly-generate-obstacles/install/velodyne_description
[2.238s] Invoking command in '/home/yunfeibi/Ros_projects/ros2-randomly-generate-obstacles/build/velodyne_description': CMAKE_PREFIX_PATH=/home/yunfeibi/Ros_projects/ros2-randomly-generate-obstacles/install/random_obs_map:/home/yunfeibi/Ros_projects/ros2-randomly-generate-obstacles/install/src:/opt/ros/rolling /usr/bin/cmake --build /home/yunfeibi/Ros_projects/ros2-randomly-generate-obstacles/build/velodyne_description -- -j12 -l12
[2.279s] Invoked command in '/home/yunfeibi/Ros_projects/ros2-randomly-generate-obstacles/build/velodyne_description' returned '0': CMAKE_PREFIX_PATH=/home/yunfeibi/Ros_projects/ros2-randomly-generate-obstacles/install/random_obs_map:/home/yunfeibi/Ros_projects/ros2-randomly-generate-obstacles/install/src:/opt/ros/rolling /usr/bin/cmake --build /home/yunfeibi/Ros_projects/ros2-randomly-generate-obstacles/build/velodyne_description -- -j12 -l12
[2.292s] Invoking command in '/home/yunfeibi/Ros_projects/ros2-randomly-generate-obstacles/build/velodyne_description': CMAKE_PREFIX_PATH=/home/yunfeibi/Ros_projects/ros2-randomly-generate-obstacles/install/random_obs_map:/home/yunfeibi/Ros_projects/ros2-randomly-generate-obstacles/install/src:/opt/ros/rolling /usr/bin/cmake --install /home/yunfeibi/Ros_projects/ros2-randomly-generate-obstacles/build/velodyne_description
[2.300s] -- Install configuration: ""
[2.300s] -- Installing: /home/yunfeibi/Ros_projects/ros2-randomly-generate-obstacles/install/velodyne_description/share/ament_index/resource_index/package_run_dependencies/velodyne_description
[2.301s] -- Installing: /home/yunfeibi/Ros_projects/ros2-randomly-generate-obstacles/install/velodyne_description/share/ament_index/resource_index/parent_prefix_path/velodyne_description
[2.301s] -- Installing: /home/yunfeibi/Ros_projects/ros2-randomly-generate-obstacles/install/velodyne_description/share/velodyne_description/environment/ament_prefix_path.sh
[2.301s] -- Installing: /home/yunfeibi/Ros_projects/ros2-randomly-generate-obstacles/install/velodyne_description/share/velodyne_description/environment/ament_prefix_path.dsv
[2.301s] -- Installing: /home/yunfeibi/Ros_projects/ros2-randomly-generate-obstacles/install/velodyne_description/share/velodyne_description/environment/path.sh
[2.302s] -- Installing: /home/yunfeibi/Ros_projects/ros2-randomly-generate-obstacles/install/velodyne_description/share/velodyne_description/environment/path.dsv
[2.302s] -- Installing: /home/yunfeibi/Ros_projects/ros2-randomly-generate-obstacles/install/velodyne_description/share/velodyne_description/local_setup.bash
[2.302s] -- Installing: /home/yunfeibi/Ros_projects/ros2-randomly-generate-obstacles/install/velodyne_description/share/velodyne_description/local_setup.sh
[2.302s] -- Installing: /home/yunfeibi/Ros_projects/ros2-randomly-generate-obstacles/install/velodyne_description/share/velodyne_description/local_setup.zsh
[2.302s] -- Installing: /home/yunfeibi/Ros_projects/ros2-randomly-generate-obstacles/install/velodyne_description/share/velodyne_description/local_setup.dsv
[2.302s] -- Installing: /home/yunfeibi/Ros_projects/ros2-randomly-generate-obstacles/install/velodyne_description/share/velodyne_description/package.dsv
[2.303s] -- Installing: /home/yunfeibi/Ros_projects/ros2-randomly-generate-obstacles/install/velodyne_description/share/ament_index/resource_index/packages/velodyne_description
[2.303s] -- Installing: /home/yunfeibi/Ros_projects/ros2-randomly-generate-obstacles/install/velodyne_description/share/velodyne_description/cmake/ament_cmake_export_dependencies-extras.cmake
[2.303s] -- Installing: /home/yunfeibi/Ros_projects/ros2-randomly-generate-obstacles/install/velodyne_description/share/velodyne_description/cmake/velodyne_descriptionConfig.cmake
[2.303s] -- Installing: /home/yunfeibi/Ros_projects/ros2-randomly-generate-obstacles/install/velodyne_description/share/velodyne_description/cmake/velodyne_descriptionConfig-version.cmake
[2.303s] -- Installing: /home/yunfeibi/Ros_projects/ros2-randomly-generate-obstacles/install/velodyne_description/share/velodyne_description/package.xml
[2.304s] -- Installing: /home/yunfeibi/Ros_projects/ros2-randomly-generate-obstacles/install/velodyne_description/share/velodyne_description/launch
[2.304s] -- Installing: /home/yunfeibi/Ros_projects/ros2-randomly-generate-obstacles/install/velodyne_description/share/velodyne_description/launch/example-launch.py
[2.304s] -- Installing: /home/yunfeibi/Ros_projects/ros2-randomly-generate-obstacles/install/velodyne_description/share/velodyne_description/meshes
[2.304s] -- Installing: /home/yunfeibi/Ros_projects/ros2-randomly-generate-obstacles/install/velodyne_description/share/velodyne_description/meshes/HDL32E_base.dae
[2.304s] -- Installing: /home/yunfeibi/Ros_projects/ros2-randomly-generate-obstacles/install/velodyne_description/share/velodyne_description/meshes/VLP16_base_1.stl
[2.304s] -- Installing: /home/yunfeibi/Ros_projects/ros2-randomly-generate-obstacles/install/velodyne_description/share/velodyne_description/meshes/VLP16_base_2.dae
[2.305s] -- Installing: /home/yunfeibi/Ros_projects/ros2-randomly-generate-obstacles/install/velodyne_description/share/velodyne_description/meshes/VLP16_base_2.stl
[2.305s] -- Installing: /home/yunfeibi/Ros_projects/ros2-randomly-generate-obstacles/install/velodyne_description/share/velodyne_description/meshes/VLP16_scan.dae
[2.305s] -- Installing: /home/yunfeibi/Ros_projects/ros2-randomly-generate-obstacles/install/velodyne_description/share/velodyne_description/meshes/VLP16_base_1.dae
[2.306s] -- Installing: /home/yunfeibi/Ros_projects/ros2-randomly-generate-obstacles/install/velodyne_description/share/velodyne_description/meshes/HDL32E_base.stl
[2.306s] -- Installing: /home/yunfeibi/Ros_projects/ros2-randomly-generate-obstacles/install/velodyne_description/share/velodyne_description/meshes/VLP16_scan.stl
[2.306s] -- Installing: /home/yunfeibi/Ros_projects/ros2-randomly-generate-obstacles/install/velodyne_description/share/velodyne_description/meshes/HDL32E_scan.dae
[2.307s] -- Installing: /home/yunfeibi/Ros_projects/ros2-randomly-generate-obstacles/install/velodyne_description/share/velodyne_description/meshes/HDL32E_scan.stl
[2.307s] -- Installing: /home/yunfeibi/Ros_projects/ros2-randomly-generate-obstacles/install/velodyne_description/share/velodyne_description/rviz
[2.307s] -- Installing: /home/yunfeibi/Ros_projects/ros2-randomly-generate-obstacles/install/velodyne_description/share/velodyne_description/rviz/example.rviz
[2.307s] -- Installing: /home/yunfeibi/Ros_projects/ros2-randomly-generate-obstacles/install/velodyne_description/share/velodyne_description/urdf
[2.307s] -- Installing: /home/yunfeibi/Ros_projects/ros2-randomly-generate-obstacles/install/velodyne_description/share/velodyne_description/urdf/VLP-32C.urdf.xacro
[2.308s] -- Installing: /home/yunfeibi/Ros_projects/ros2-randomly-generate-obstacles/install/velodyne_description/share/velodyne_description/urdf/example.urdf.xacro
[2.308s] -- Installing: /home/yunfeibi/Ros_projects/ros2-randomly-generate-obstacles/install/velodyne_description/share/velodyne_description/urdf/VLP-16.urdf.xacro
[2.308s] -- Installing: /home/yunfeibi/Ros_projects/ros2-randomly-generate-obstacles/install/velodyne_description/share/velodyne_description/urdf/HDL-32E.urdf.xacro
[2.308s] -- Installing: /home/yunfeibi/Ros_projects/ros2-randomly-generate-obstacles/install/velodyne_description/share/velodyne_description/world
[2.308s] -- Installing: /home/yunfeibi/Ros_projects/ros2-randomly-generate-obstacles/install/velodyne_description/share/velodyne_description/world/example.world
[2.308s] -- Installing: /home/yunfeibi/Ros_projects/ros2-randomly-generate-obstacles/install/velodyne_description/share/velodyne_description/world/lio_sam.model
[2.309s] -- Installing: /home/yunfeibi/Ros_projects/ros2-randomly-generate-obstacles/install/velodyne_description/share/velodyne_description/models
[2.309s] -- Installing: /home/yunfeibi/Ros_projects/ros2-randomly-generate-obstacles/install/velodyne_description/share/velodyne_description/models/rs_robot
[2.309s] -- Installing: /home/yunfeibi/Ros_projects/ros2-randomly-generate-obstacles/install/velodyne_description/share/velodyne_description/models/rs_robot/model.config
[2.309s] -- Installing: /home/yunfeibi/Ros_projects/ros2-randomly-generate-obstacles/install/velodyne_description/share/velodyne_description/models/rs_robot/rs_robot.sdf
[2.309s] -- Installing: /home/yunfeibi/Ros_projects/ros2-randomly-generate-obstacles/install/velodyne_description/share/velodyne_description/models/rs_robot/meshes
[2.309s] -- Installing: /home/yunfeibi/Ros_projects/ros2-randomly-generate-obstacles/install/velodyne_description/share/velodyne_description/models/rs_robot/meshes/STL
[2.309s] -- Installing: /home/yunfeibi/Ros_projects/ros2-randomly-generate-obstacles/install/velodyne_description/share/velodyne_description/models/rs_robot/meshes/STL/sensors
[2.309s] -- Installing: /home/yunfeibi/Ros_projects/ros2-randomly-generate-obstacles/install/velodyne_description/share/velodyne_description/models/rs_robot/meshes/STL/sensors/front_lrf
[2.310s] -- Installing: /home/yunfeibi/Ros_projects/ros2-randomly-generate-obstacles/install/velodyne_description/share/velodyne_description/models/rs_robot/meshes/STL/sensors/front_lrf/front_lrf.stl
[2.317s] -- Installing: /home/yunfeibi/Ros_projects/ros2-randomly-generate-obstacles/install/velodyne_description/share/velodyne_description/models/rs_robot/meshes/STL/sensors/gps
[2.317s] -- Installing: /home/yunfeibi/Ros_projects/ros2-randomly-generate-obstacles/install/velodyne_description/share/velodyne_description/models/rs_robot/meshes/STL/sensors/gps/gps.stl
[2.320s] -- Installing: /home/yunfeibi/Ros_projects/ros2-randomly-generate-obstacles/install/velodyne_description/share/velodyne_description/models/rs_robot/meshes/STL/sensors/rear_lrf
[2.320s] -- Installing: /home/yunfeibi/Ros_projects/ros2-randomly-generate-obstacles/install/velodyne_description/share/velodyne_description/models/rs_robot/meshes/STL/sensors/rear_lrf/rear_lrf.stl
[2.321s] -- Installing: /home/yunfeibi/Ros_projects/ros2-randomly-generate-obstacles/install/velodyne_description/share/velodyne_description/models/rs_robot/meshes/STL/sensors/gim30
[2.321s] -- Installing: /home/yunfeibi/Ros_projects/ros2-randomly-generate-obstacles/install/velodyne_description/share/velodyne_description/models/rs_robot/meshes/STL/sensors/gim30/gim30.stl
[2.333s] -- Installing: /home/yunfeibi/Ros_projects/ros2-randomly-generate-obstacles/install/velodyne_description/share/velodyne_description/models/rs_robot/meshes/STL/lidar_head
[2.333s] -- Installing: /home/yunfeibi/Ros_projects/ros2-randomly-generate-obstacles/install/velodyne_description/share/velodyne_description/models/rs_robot/meshes/STL/lidar_head/YDlidar_head v4.stl
[2.333s] -- Installing: /home/yunfeibi/Ros_projects/ros2-randomly-generate-obstacles/install/velodyne_description/share/velodyne_description/models/rs_robot/meshes/STL/wheel
[2.333s] -- Installing: /home/yunfeibi/Ros_projects/ros2-randomly-generate-obstacles/install/velodyne_description/share/velodyne_description/models/rs_robot/meshes/STL/wheel/robot_wheel.stl
[2.333s] -- Installing: /home/yunfeibi/Ros_projects/ros2-randomly-generate-obstacles/install/velodyne_description/share/velodyne_description/models/rs_robot/meshes/STL/lidar_base
[2.334s] -- Installing: /home/yunfeibi/Ros_projects/ros2-randomly-generate-obstacles/install/velodyne_description/share/velodyne_description/models/rs_robot/meshes/STL/lidar_base/YDlidar_base.stl
[2.334s] -- Installing: /home/yunfeibi/Ros_projects/ros2-randomly-generate-obstacles/install/velodyne_description/share/velodyne_description/models/rs_robot/meshes/STL/base
[2.334s] -- Installing: /home/yunfeibi/Ros_projects/ros2-randomly-generate-obstacles/install/velodyne_description/share/velodyne_description/models/rs_robot/meshes/STL/base/base_link.stl
[2.335s] -- Installing: /home/yunfeibi/Ros_projects/ros2-randomly-generate-obstacles/install/velodyne_description/share/velodyne_description/models/rs_robot/meshes/STL/base/base_link_old.stl
[2.336s] -- Installing: /home/yunfeibi/Ros_projects/ros2-randomly-generate-obstacles/install/velodyne_description/share/velodyne_description/models/rs_robot/meshes/STL/suspension
[2.337s] -- Installing: /home/yunfeibi/Ros_projects/ros2-randomly-generate-obstacles/install/velodyne_description/share/velodyne_description/models/rs_robot/meshes/STL/suspension/sus_link.stl
[2.337s] -- Installing: /home/yunfeibi/Ros_projects/ros2-randomly-generate-obstacles/install/velodyne_description/share/velodyne_description/models/rs_robot/meshes/STL/suspension/FRONT_LEFT_LINKSTL.stl
[2.337s] -- Installing: /home/yunfeibi/Ros_projects/ros2-randomly-generate-obstacles/install/velodyne_description/share/velodyne_description/models/rs_robot/meshes/STL/suspension/REAR_LEFT_LINKSTL.stl
[2.338s] -- Installing: /home/yunfeibi/Ros_projects/ros2-randomly-generate-obstacles/install/velodyne_description/share/velodyne_description/models/rs_robot/meshes/STL/suspension/FRONT_RIGHT_LINKSTL.stl
[2.339s] -- Installing: /home/yunfeibi/Ros_projects/ros2-randomly-generate-obstacles/install/velodyne_description/share/velodyne_description/models/rs_robot/meshes/STL/suspension/REAR_RIGHT_LINKSTL.stl
[2.340s] -- Installing: /home/yunfeibi/Ros_projects/ros2-randomly-generate-obstacles/install/velodyne_description/share/velodyne_description/models/rs_robot/meshes/DAE
[2.340s] -- Installing: /home/yunfeibi/Ros_projects/ros2-randomly-generate-obstacles/install/velodyne_description/share/velodyne_description/models/rs_robot/meshes/DAE/sensors
[2.340s] -- Installing: /home/yunfeibi/Ros_projects/ros2-randomly-generate-obstacles/install/velodyne_description/share/velodyne_description/models/rs_robot/meshes/DAE/sensors/front_lrf
[2.340s] -- Installing: /home/yunfeibi/Ros_projects/ros2-randomly-generate-obstacles/install/velodyne_description/share/velodyne_description/models/rs_robot/meshes/DAE/sensors/front_lrf/front_lrf.dae
[2.366s] -- Installing: /home/yunfeibi/Ros_projects/ros2-randomly-generate-obstacles/install/velodyne_description/share/velodyne_description/models/rs_robot/meshes/DAE/sensors/front_lrf/lrf_texture.png
[2.366s] -- Installing: /home/yunfeibi/Ros_projects/ros2-randomly-generate-obstacles/install/velodyne_description/share/velodyne_description/models/rs_robot/meshes/DAE/sensors/gps
[2.366s] -- Installing: /home/yunfeibi/Ros_projects/ros2-randomly-generate-obstacles/install/velodyne_description/share/velodyne_description/models/rs_robot/meshes/DAE/sensors/gps/gps_texture.png
[2.366s] -- Installing: /home/yunfeibi/Ros_projects/ros2-randomly-generate-obstacles/install/velodyne_description/share/velodyne_description/models/rs_robot/meshes/DAE/sensors/gps/gps.dae
[2.374s] -- Installing: /home/yunfeibi/Ros_projects/ros2-randomly-generate-obstacles/install/velodyne_description/share/velodyne_description/models/rs_robot/meshes/DAE/sensors/rear_lrf
[2.374s] -- Installing: /home/yunfeibi/Ros_projects/ros2-randomly-generate-obstacles/install/velodyne_description/share/velodyne_description/models/rs_robot/meshes/DAE/sensors/rear_lrf/urg_texture.png
[2.374s] -- Installing: /home/yunfeibi/Ros_projects/ros2-randomly-generate-obstacles/install/velodyne_description/share/velodyne_description/models/rs_robot/meshes/DAE/sensors/rear_lrf/rear_lrf.dae
[2.376s] -- Installing: /home/yunfeibi/Ros_projects/ros2-randomly-generate-obstacles/install/velodyne_description/share/velodyne_description/models/rs_robot/meshes/DAE/sensors/gim30
[2.376s] -- Installing: /home/yunfeibi/Ros_projects/ros2-randomly-generate-obstacles/install/velodyne_description/share/velodyne_description/models/rs_robot/meshes/DAE/sensors/gim30/gim30_lrf_texture.png
[2.376s] -- Installing: /home/yunfeibi/Ros_projects/ros2-randomly-generate-obstacles/install/velodyne_description/share/velodyne_description/models/rs_robot/meshes/DAE/sensors/gim30/gim30.dae
[2.405s] -- Installing: /home/yunfeibi/Ros_projects/ros2-randomly-generate-obstacles/install/velodyne_description/share/velodyne_description/models/rs_robot/meshes/DAE/sensors/camera
[2.405s] -- Installing: /home/yunfeibi/Ros_projects/ros2-randomly-generate-obstacles/install/velodyne_description/share/velodyne_description/models/rs_robot/meshes/DAE/sensors/camera/camera.dae
[2.405s] -- Installing: /home/yunfeibi/Ros_projects/ros2-randomly-generate-obstacles/install/velodyne_description/share/velodyne_description/models/rs_robot/meshes/DAE/lidar_head
[2.405s] -- Installing: /home/yunfeibi/Ros_projects/ros2-randomly-generate-obstacles/install/velodyne_description/share/velodyne_description/models/rs_robot/meshes/DAE/lidar_head/YDlidar_head.dae
[2.405s] -- Installing: /home/yunfeibi/Ros_projects/ros2-randomly-generate-obstacles/install/velodyne_description/share/velodyne_description/models/rs_robot/meshes/DAE/wheel
[2.405s] -- Installing: /home/yunfeibi/Ros_projects/ros2-randomly-generate-obstacles/install/velodyne_description/share/velodyne_description/models/rs_robot/meshes/DAE/wheel/wheel_link.dae
[2.407s] -- Installing: /home/yunfeibi/Ros_projects/ros2-randomly-generate-obstacles/install/velodyne_description/share/velodyne_description/models/rs_robot/meshes/DAE/lidar_base
[2.407s] -- Installing: /home/yunfeibi/Ros_projects/ros2-randomly-generate-obstacles/install/velodyne_description/share/velodyne_description/models/rs_robot/meshes/DAE/lidar_base/YDlidar_base.dae
[2.408s] -- Installing: /home/yunfeibi/Ros_projects/ros2-randomly-generate-obstacles/install/velodyne_description/share/velodyne_description/models/rs_robot/meshes/DAE/base
[2.408s] -- Installing: /home/yunfeibi/Ros_projects/ros2-randomly-generate-obstacles/install/velodyne_description/share/velodyne_description/models/rs_robot/meshes/DAE/base/base_linkOLD.dae
[2.422s] -- Installing: /home/yunfeibi/Ros_projects/ros2-randomly-generate-obstacles/install/velodyne_description/share/velodyne_description/models/rs_robot/meshes/DAE/base/base_link.dae
[2.434s] -- Installing: /home/yunfeibi/Ros_projects/ros2-randomly-generate-obstacles/install/velodyne_description/share/velodyne_description/models/rs_robot/meshes/DAE/suspension
[2.435s] -- Installing: /home/yunfeibi/Ros_projects/ros2-randomly-generate-obstacles/install/velodyne_description/share/velodyne_description/models/rs_robot/meshes/DAE/suspension/front_right_link.dae
[2.437s] -- Installing: /home/yunfeibi/Ros_projects/ros2-randomly-generate-obstacles/install/velodyne_description/share/velodyne_description/models/rs_robot/meshes/DAE/suspension/rear_left_link.dae
[2.440s] -- Installing: /home/yunfeibi/Ros_projects/ros2-randomly-generate-obstacles/install/velodyne_description/share/velodyne_description/models/rs_robot/meshes/DAE/suspension/rear_right_link.dae
[2.443s] -- Installing: /home/yunfeibi/Ros_projects/ros2-randomly-generate-obstacles/install/velodyne_description/share/velodyne_description/models/rs_robot/meshes/DAE/suspension/front_left_link.dae
[2.448s] Invoked command in '/home/yunfeibi/Ros_projects/ros2-randomly-generate-obstacles/build/velodyne_description' returned '0': CMAKE_PREFIX_PATH=/home/yunfeibi/Ros_projects/ros2-randomly-generate-obstacles/install/random_obs_map:/home/yunfeibi/Ros_projects/ros2-randomly-generate-obstacles/install/src:/opt/ros/rolling /usr/bin/cmake --install /home/yunfeibi/Ros_projects/ros2-randomly-generate-obstacles/build/velodyne_description
